2025-11-29 00:00:41,944 [1-server-thread320] INFO  o.a.r.s.i.RaftServerImpl:1045 - 1@group-0002000008F5: takeSnapshotAsync SnapshotManagementRequest:client-DF7CC7F9A83D->1@group-0002000008F5, cid=33609, seq=0, RO, null, Create: 
2025-11-29 00:00:41,946 [1-server-thread320] INFO  o.a.ratis.conf.ConfUtils:46 - raft.server.snapshot.creation.gap = 1024 (default) 
2025-11-29 00:00:41,946 [pool-21-IoTDB-ratis-bg-disk-guardian-1] INFO  o.a.i.c.r.RatisConsensus:709 - Raft group group-0002000008F5 took snapshot successfully 
2025-11-29 00:17:52,904 [JvmPauseMonitor0] WARN  o.a.r.u.JvmPauseMonitor:126 - JvmPauseMonitor-1: Detected pause in JVM or host machine (eg GC): pause of approximately 103851791ns. No GCs detected. 
2025-11-29 00:18:21,031 [1-server-thread321] INFO  o.a.r.s.i.RaftServerImpl:1045 - 1@group-0002000008F5: takeSnapshotAsync SnapshotManagementRequest:client-DF7CC7F9A83D->1@group-0002000008F5, cid=33610, seq=0, RO, null, Create: 
2025-11-29 00:18:21,031 [1-server-thread321] INFO  o.a.ratis.conf.ConfUtils:46 - raft.server.snapshot.creation.gap = 1024 (default) 
2025-11-29 00:18:21,031 [pool-21-IoTDB-ratis-bg-disk-guardian-1] INFO  o.a.i.c.r.RatisConsensus:709 - Raft group group-0002000008F5 took snapshot successfully 
2025-11-29 00:53:58,014 [1-server-thread322] INFO  o.a.r.s.i.RaftServerImpl:1045 - 1@group-0002000008F5: takeSnapshotAsync SnapshotManagementRequest:client-DF7CC7F9A83D->1@group-0002000008F5, cid=33611, seq=0, RO, null, Create: 
2025-11-29 00:53:58,014 [1-server-thread322] INFO  o.a.ratis.conf.ConfUtils:46 - raft.server.snapshot.creation.gap = 1024 (default) 
2025-11-29 00:53:58,015 [pool-21-IoTDB-ratis-bg-disk-guardian-1] INFO  o.a.i.c.r.RatisConsensus:709 - Raft group group-0002000008F5 took snapshot successfully 
2025-11-29 01:10:45,124 [1-server-thread323] INFO  o.a.r.s.i.RaftServerImpl:1045 - 1@group-0002000008F5: takeSnapshotAsync SnapshotManagementRequest:client-DF7CC7F9A83D->1@group-0002000008F5, cid=33612, seq=0, RO, null, Create: 
2025-11-29 01:10:45,125 [1-server-thread323] INFO  o.a.ratis.conf.ConfUtils:46 - raft.server.snapshot.creation.gap = 1024 (default) 
2025-11-29 01:10:45,125 [pool-21-IoTDB-ratis-bg-disk-guardian-1] INFO  o.a.i.c.r.RatisConsensus:709 - Raft group group-0002000008F5 took snapshot successfully 
2025-11-29 01:50:24,590 [1-server-thread324] INFO  o.a.r.s.i.RaftServerImpl:1045 - 1@group-0002000008F5: takeSnapshotAsync SnapshotManagementRequest:client-DF7CC7F9A83D->1@group-0002000008F5, cid=33613, seq=0, RO, null, Create: 
2025-11-29 01:50:24,591 [1-server-thread324] INFO  o.a.ratis.conf.ConfUtils:46 - raft.server.snapshot.creation.gap = 1024 (default) 
2025-11-29 01:50:24,591 [pool-21-IoTDB-ratis-bg-disk-guardian-1] INFO  o.a.i.c.r.RatisConsensus:709 - Raft group group-0002000008F5 took snapshot successfully 
2025-11-29 02:00:39,897 [1-server-thread325] INFO  o.a.r.s.i.RaftServerImpl:1045 - 1@group-0002000008F5: takeSnapshotAsync SnapshotManagementRequest:client-DF7CC7F9A83D->1@group-0002000008F5, cid=33614, seq=0, RO, null, Create: 
2025-11-29 02:00:39,898 [1-server-thread325] INFO  o.a.ratis.conf.ConfUtils:46 - raft.server.snapshot.creation.gap = 1024 (default) 
2025-11-29 02:00:39,898 [pool-21-IoTDB-ratis-bg-disk-guardian-1] INFO  o.a.i.c.r.RatisConsensus:709 - Raft group group-0002000008F5 took snapshot successfully 
2025-11-29 02:02:39,907 [1-server-thread326] INFO  o.a.r.s.i.RaftServerImpl:1045 - 1@group-0002000008F5: takeSnapshotAsync SnapshotManagementRequest:client-DF7CC7F9A83D->1@group-0002000008F5, cid=33615, seq=0, RO, null, Create: 
2025-11-29 02:02:39,907 [1-server-thread326] INFO  o.a.ratis.conf.ConfUtils:46 - raft.server.snapshot.creation.gap = 1024 (default) 
2025-11-29 02:02:39,907 [pool-21-IoTDB-ratis-bg-disk-guardian-1] INFO  o.a.i.c.r.RatisConsensus:709 - Raft group group-0002000008F5 took snapshot successfully 
2025-11-29 02:21:42,311 [1-server-thread327] INFO  o.a.r.s.i.RaftServerImpl:1045 - 1@group-0002000008F5: takeSnapshotAsync SnapshotManagementRequest:client-DF7CC7F9A83D->1@group-0002000008F5, cid=33616, seq=0, RO, null, Create: 
2025-11-29 02:21:42,311 [1-server-thread327] INFO  o.a.ratis.conf.ConfUtils:46 - raft.server.snapshot.creation.gap = 1024 (default) 
2025-11-29 02:21:42,312 [pool-21-IoTDB-ratis-bg-disk-guardian-1] INFO  o.a.i.c.r.RatisConsensus:709 - Raft group group-0002000008F5 took snapshot successfully 
2025-11-29 03:08:53,475 [1-server-thread328] INFO  o.a.r.s.i.RaftServerImpl:1045 - 1@group-0002000008F5: takeSnapshotAsync SnapshotManagementRequest:client-DF7CC7F9A83D->1@group-0002000008F5, cid=33617, seq=0, RO, null, Create: 
2025-11-29 03:08:53,476 [1-server-thread328] INFO  o.a.ratis.conf.ConfUtils:46 - raft.server.snapshot.creation.gap = 1024 (default) 
2025-11-29 03:08:53,476 [pool-21-IoTDB-ratis-bg-disk-guardian-1] INFO  o.a.i.c.r.RatisConsensus:709 - Raft group group-0002000008F5 took snapshot successfully 
2025-11-29 03:42:53,352 [1-server-thread329] INFO  o.a.r.s.i.RaftServerImpl:1045 - 1@group-0002000008F5: takeSnapshotAsync SnapshotManagementRequest:client-DF7CC7F9A83D->1@group-0002000008F5, cid=33618, seq=0, RO, null, Create: 
2025-11-29 03:42:53,353 [1-server-thread329] INFO  o.a.ratis.conf.ConfUtils:46 - raft.server.snapshot.creation.gap = 1024 (default) 
2025-11-29 03:42:53,353 [pool-21-IoTDB-ratis-bg-disk-guardian-1] INFO  o.a.i.c.r.RatisConsensus:709 - Raft group group-0002000008F5 took snapshot successfully 
2025-11-29 04:31:37,253 [1-server-thread330] INFO  o.a.r.s.i.RaftServerImpl:1045 - 1@group-0002000008F5: takeSnapshotAsync SnapshotManagementRequest:client-DF7CC7F9A83D->1@group-0002000008F5, cid=33619, seq=0, RO, null, Create: 
2025-11-29 04:31:37,254 [1-server-thread330] INFO  o.a.ratis.conf.ConfUtils:46 - raft.server.snapshot.creation.gap = 1024 (default) 
2025-11-29 04:31:37,254 [pool-21-IoTDB-ratis-bg-disk-guardian-1] INFO  o.a.i.c.r.RatisConsensus:709 - Raft group group-0002000008F5 took snapshot successfully 
2025-11-29 05:04:12,143 [1-server-thread331] INFO  o.a.r.s.i.RaftServerImpl:1045 - 1@group-0002000008F5: takeSnapshotAsync SnapshotManagementRequest:client-DF7CC7F9A83D->1@group-0002000008F5, cid=33620, seq=0, RO, null, Create: 
2025-11-29 05:04:12,143 [1-server-thread331] INFO  o.a.ratis.conf.ConfUtils:46 - raft.server.snapshot.creation.gap = 1024 (default) 
2025-11-29 05:04:12,144 [pool-21-IoTDB-ratis-bg-disk-guardian-1] INFO  o.a.i.c.r.RatisConsensus:709 - Raft group group-0002000008F5 took snapshot successfully 
2025-11-29 05:53:50,915 [1-server-thread332] INFO  o.a.r.s.i.RaftServerImpl:1045 - 1@group-0002000008F5: takeSnapshotAsync SnapshotManagementRequest:client-DF7CC7F9A83D->1@group-0002000008F5, cid=33621, seq=0, RO, null, Create: 
2025-11-29 05:53:50,916 [1-server-thread332] INFO  o.a.ratis.conf.ConfUtils:46 - raft.server.snapshot.creation.gap = 1024 (default) 
2025-11-29 05:53:50,916 [pool-21-IoTDB-ratis-bg-disk-guardian-1] INFO  o.a.i.c.r.RatisConsensus:709 - Raft group group-0002000008F5 took snapshot successfully 
2025-11-29 06:28:34,925 [1-server-thread333] INFO  o.a.r.s.i.RaftServerImpl:1045 - 1@group-0002000008F5: takeSnapshotAsync SnapshotManagementRequest:client-DF7CC7F9A83D->1@group-0002000008F5, cid=33622, seq=0, RO, null, Create: 
2025-11-29 06:28:34,925 [1-server-thread333] INFO  o.a.ratis.conf.ConfUtils:46 - raft.server.snapshot.creation.gap = 1024 (default) 
2025-11-29 06:28:34,925 [pool-21-IoTDB-ratis-bg-disk-guardian-1] INFO  o.a.i.c.r.RatisConsensus:709 - Raft group group-0002000008F5 took snapshot successfully 
2025-11-29 07:03:09,808 [1-server-thread334] INFO  o.a.r.s.i.RaftServerImpl:1045 - 1@group-0002000008F5: takeSnapshotAsync SnapshotManagementRequest:client-DF7CC7F9A83D->1@group-0002000008F5, cid=33623, seq=0, RO, null, Create: 
2025-11-29 07:03:09,809 [1-server-thread334] INFO  o.a.ratis.conf.ConfUtils:46 - raft.server.snapshot.creation.gap = 1024 (default) 
2025-11-29 07:03:09,809 [pool-21-IoTDB-ratis-bg-disk-guardian-1] INFO  o.a.i.c.r.RatisConsensus:709 - Raft group group-0002000008F5 took snapshot successfully 
2025-11-29 07:37:29,769 [1-server-thread335] INFO  o.a.r.s.i.RaftServerImpl:1045 - 1@group-0002000008F5: takeSnapshotAsync SnapshotManagementRequest:client-DF7CC7F9A83D->1@group-0002000008F5, cid=33624, seq=0, RO, null, Create: 
2025-11-29 07:37:29,769 [1-server-thread335] INFO  o.a.ratis.conf.ConfUtils:46 - raft.server.snapshot.creation.gap = 1024 (default) 
2025-11-29 07:37:29,769 [pool-21-IoTDB-ratis-bg-disk-guardian-1] INFO  o.a.i.c.r.RatisConsensus:709 - Raft group group-0002000008F5 took snapshot successfully 
2025-11-29 08:11:48,520 [1-server-thread336] INFO  o.a.r.s.i.RaftServerImpl:1045 - 1@group-0002000008F5: takeSnapshotAsync SnapshotManagementRequest:client-DF7CC7F9A83D->1@group-0002000008F5, cid=33625, seq=0, RO, null, Create: 
2025-11-29 08:11:48,521 [1-server-thread336] INFO  o.a.ratis.conf.ConfUtils:46 - raft.server.snapshot.creation.gap = 1024 (default) 
2025-11-29 08:11:48,521 [pool-21-IoTDB-ratis-bg-disk-guardian-1] INFO  o.a.i.c.r.RatisConsensus:709 - Raft group group-0002000008F5 took snapshot successfully 
2025-11-29 09:00:57,336 [1-server-thread337] INFO  o.a.r.s.i.RaftServerImpl:1045 - 1@group-0002000008F5: takeSnapshotAsync SnapshotManagementRequest:client-DF7CC7F9A83D->1@group-0002000008F5, cid=33626, seq=0, RO, null, Create: 
2025-11-29 09:00:57,337 [1-server-thread337] INFO  o.a.ratis.conf.ConfUtils:46 - raft.server.snapshot.creation.gap = 1024 (default) 
2025-11-29 09:00:57,337 [pool-21-IoTDB-ratis-bg-disk-guardian-1] INFO  o.a.i.c.r.RatisConsensus:709 - Raft group group-0002000008F5 took snapshot successfully 
2025-11-29 09:23:08,310 [1-server-thread338] INFO  o.a.r.s.i.RaftServerImpl:1045 - 1@group-0002000008F5: takeSnapshotAsync SnapshotManagementRequest:client-DF7CC7F9A83D->1@group-0002000008F5, cid=33627, seq=0, RO, null, Create: 
2025-11-29 09:23:08,311 [1-server-thread338] INFO  o.a.ratis.conf.ConfUtils:46 - raft.server.snapshot.creation.gap = 1024 (default) 
2025-11-29 09:23:08,311 [pool-21-IoTDB-ratis-bg-disk-guardian-1] INFO  o.a.i.c.r.RatisConsensus:709 - Raft group group-0002000008F5 took snapshot successfully 
2025-11-29 09:57:30,503 [1-server-thread339] INFO  o.a.r.s.i.RaftServerImpl:1045 - 1@group-0002000008F5: takeSnapshotAsync SnapshotManagementRequest:client-DF7CC7F9A83D->1@group-0002000008F5, cid=33628, seq=0, RO, null, Create: 
2025-11-29 09:57:30,504 [1-server-thread339] INFO  o.a.ratis.conf.ConfUtils:46 - raft.server.snapshot.creation.gap = 1024 (default) 
2025-11-29 09:57:30,504 [pool-21-IoTDB-ratis-bg-disk-guardian-1] INFO  o.a.i.c.r.RatisConsensus:709 - Raft group group-0002000008F5 took snapshot successfully 
2025-11-29 10:42:40,375 [1-server-thread340] INFO  o.a.r.s.i.RaftServerImpl:1045 - 1@group-0002000008F5: takeSnapshotAsync SnapshotManagementRequest:client-DF7CC7F9A83D->1@group-0002000008F5, cid=33629, seq=0, RO, null, Create: 
2025-11-29 10:42:40,375 [1-server-thread340] INFO  o.a.ratis.conf.ConfUtils:46 - raft.server.snapshot.creation.gap = 1024 (default) 
2025-11-29 10:42:40,376 [pool-21-IoTDB-ratis-bg-disk-guardian-1] INFO  o.a.i.c.r.RatisConsensus:709 - Raft group group-0002000008F5 took snapshot successfully 
2025-11-29 11:08:48,214 [1-server-thread341] INFO  o.a.r.s.i.RaftServerImpl:1045 - 1@group-0002000008F5: takeSnapshotAsync SnapshotManagementRequest:client-DF7CC7F9A83D->1@group-0002000008F5, cid=33630, seq=0, RO, null, Create: 
2025-11-29 11:08:48,215 [1-server-thread341] INFO  o.a.ratis.conf.ConfUtils:46 - raft.server.snapshot.creation.gap = 1024 (default) 
2025-11-29 11:08:48,215 [pool-21-IoTDB-ratis-bg-disk-guardian-1] INFO  o.a.i.c.r.RatisConsensus:709 - Raft group group-0002000008F5 took snapshot successfully 
2025-11-29 11:59:33,100 [1-server-thread342] INFO  o.a.r.s.i.RaftServerImpl:1045 - 1@group-0002000008F5: takeSnapshotAsync SnapshotManagementRequest:client-DF7CC7F9A83D->1@group-0002000008F5, cid=33631, seq=0, RO, null, Create: 
2025-11-29 11:59:33,101 [1-server-thread342] INFO  o.a.ratis.conf.ConfUtils:46 - raft.server.snapshot.creation.gap = 1024 (default) 
2025-11-29 11:59:33,101 [pool-21-IoTDB-ratis-bg-disk-guardian-1] INFO  o.a.i.c.r.RatisConsensus:709 - Raft group group-0002000008F5 took snapshot successfully 
2025-11-29 12:27:50,834 [1-server-thread343] INFO  o.a.r.s.i.RaftServerImpl:1045 - 1@group-0002000008F5: takeSnapshotAsync SnapshotManagementRequest:client-DF7CC7F9A83D->1@group-0002000008F5, cid=33632, seq=0, RO, null, Create: 
2025-11-29 12:27:50,834 [1-server-thread343] INFO  o.a.ratis.conf.ConfUtils:46 - raft.server.snapshot.creation.gap = 1024 (default) 
2025-11-29 12:27:50,834 [pool-21-IoTDB-ratis-bg-disk-guardian-1] INFO  o.a.i.c.r.RatisConsensus:709 - Raft group group-0002000008F5 took snapshot successfully 
2025-11-29 12:29:50,839 [1-server-thread344] INFO  o.a.r.s.i.RaftServerImpl:1045 - 1@group-0002000008F5: takeSnapshotAsync SnapshotManagementRequest:client-DF7CC7F9A83D->1@group-0002000008F5, cid=33633, seq=0, RO, null, Create: 
2025-11-29 12:29:50,840 [1-server-thread344] INFO  o.a.ratis.conf.ConfUtils:46 - raft.server.snapshot.creation.gap = 1024 (default) 
2025-11-29 12:29:50,840 [pool-21-IoTDB-ratis-bg-disk-guardian-1] INFO  o.a.i.c.r.RatisConsensus:709 - Raft group group-0002000008F5 took snapshot successfully 
2025-11-29 12:49:35,489 [1-server-thread345] INFO  o.a.r.s.i.RaftServerImpl:1045 - 1@group-0002000008F5: takeSnapshotAsync SnapshotManagementRequest:client-DF7CC7F9A83D->1@group-0002000008F5, cid=33634, seq=0, RO, null, Create: 
2025-11-29 12:49:35,490 [1-server-thread345] INFO  o.a.ratis.conf.ConfUtils:46 - raft.server.snapshot.creation.gap = 1024 (default) 
2025-11-29 12:49:35,490 [pool-21-IoTDB-ratis-bg-disk-guardian-1] INFO  o.a.i.c.r.RatisConsensus:709 - Raft group group-0002000008F5 took snapshot successfully 
2025-11-29 13:10:54,341 [1-server-thread346] INFO  o.a.r.s.i.RaftServerImpl:1045 - 1@group-0002000008F5: takeSnapshotAsync SnapshotManagementRequest:client-DF7CC7F9A83D->1@group-0002000008F5, cid=33635, seq=0, RO, null, Create: 
2025-11-29 13:10:54,342 [1-server-thread346] INFO  o.a.ratis.conf.ConfUtils:46 - raft.server.snapshot.creation.gap = 1024 (default) 
2025-11-29 13:10:54,342 [pool-21-IoTDB-ratis-bg-disk-guardian-1] INFO  o.a.i.c.r.RatisConsensus:709 - Raft group group-0002000008F5 took snapshot successfully 
2025-11-29 13:26:37,872 [1-server-thread347] INFO  o.a.r.s.i.RaftServerImpl:1045 - 1@group-0002000008F5: takeSnapshotAsync SnapshotManagementRequest:client-DF7CC7F9A83D->1@group-0002000008F5, cid=33636, seq=0, RO, null, Create: 
2025-11-29 13:26:37,875 [1-server-thread347] INFO  o.a.ratis.conf.ConfUtils:46 - raft.server.snapshot.creation.gap = 1024 (default) 
2025-11-29 13:26:37,875 [pool-21-IoTDB-ratis-bg-disk-guardian-1] INFO  o.a.i.c.r.RatisConsensus:709 - Raft group group-0002000008F5 took snapshot successfully 
2025-11-29 13:28:37,881 [1-server-thread348] INFO  o.a.r.s.i.RaftServerImpl:1045 - 1@group-0002000008F5: takeSnapshotAsync SnapshotManagementRequest:client-DF7CC7F9A83D->1@group-0002000008F5, cid=33637, seq=0, RO, null, Create: 
2025-11-29 13:28:37,881 [1-server-thread348] INFO  o.a.ratis.conf.ConfUtils:46 - raft.server.snapshot.creation.gap = 1024 (default) 
2025-11-29 13:28:37,882 [pool-21-IoTDB-ratis-bg-disk-guardian-1] INFO  o.a.i.c.r.RatisConsensus:709 - Raft group group-0002000008F5 took snapshot successfully 
2025-11-29 13:46:16,355 [1-server-thread349] INFO  o.a.r.s.i.RaftServerImpl:1045 - 1@group-0002000008F5: takeSnapshotAsync SnapshotManagementRequest:client-DF7CC7F9A83D->1@group-0002000008F5, cid=33638, seq=0, RO, null, Create: 
2025-11-29 13:46:16,355 [1-server-thread349] INFO  o.a.ratis.conf.ConfUtils:46 - raft.server.snapshot.creation.gap = 1024 (default) 
2025-11-29 13:46:16,355 [pool-21-IoTDB-ratis-bg-disk-guardian-1] INFO  o.a.i.c.r.RatisConsensus:709 - Raft group group-0002000008F5 took snapshot successfully 
2025-11-29 13:52:15,687 [1-server-thread350] INFO  o.a.r.s.i.RaftServerImpl:1045 - 1@group-0002000008F5: takeSnapshotAsync SnapshotManagementRequest:client-DF7CC7F9A83D->1@group-0002000008F5, cid=33639, seq=0, RO, null, Create: 
2025-11-29 13:52:15,687 [1-server-thread350] INFO  o.a.ratis.conf.ConfUtils:46 - raft.server.snapshot.creation.gap = 1024 (default) 
2025-11-29 13:52:15,688 [pool-21-IoTDB-ratis-bg-disk-guardian-1] INFO  o.a.i.c.r.RatisConsensus:709 - Raft group group-0002000008F5 took snapshot successfully 
2025-11-29 13:54:15,700 [1-server-thread351] INFO  o.a.r.s.i.RaftServerImpl:1045 - 1@group-0002000008F5: takeSnapshotAsync SnapshotManagementRequest:client-DF7CC7F9A83D->1@group-0002000008F5, cid=33640, seq=0, RO, null, Create: 
2025-11-29 13:54:15,700 [1-server-thread351] INFO  o.a.ratis.conf.ConfUtils:46 - raft.server.snapshot.creation.gap = 1024 (default) 
2025-11-29 13:54:15,701 [pool-21-IoTDB-ratis-bg-disk-guardian-1] INFO  o.a.i.c.r.RatisConsensus:709 - Raft group group-0002000008F5 took snapshot successfully 
2025-11-29 13:56:15,713 [1-server-thread352] INFO  o.a.r.s.i.RaftServerImpl:1045 - 1@group-0002000008F5: takeSnapshotAsync SnapshotManagementRequest:client-DF7CC7F9A83D->1@group-0002000008F5, cid=33641, seq=0, RO, null, Create: 
2025-11-29 13:56:15,713 [1-server-thread352] INFO  o.a.ratis.conf.ConfUtils:46 - raft.server.snapshot.creation.gap = 1024 (default) 
2025-11-29 13:56:15,713 [pool-21-IoTDB-ratis-bg-disk-guardian-1] INFO  o.a.i.c.r.RatisConsensus:709 - Raft group group-0002000008F5 took snapshot successfully 
2025-11-29 13:58:15,718 [1-server-thread353] INFO  o.a.r.s.i.RaftServerImpl:1045 - 1@group-0002000008F5: takeSnapshotAsync SnapshotManagementRequest:client-DF7CC7F9A83D->1@group-0002000008F5, cid=33642, seq=0, RO, null, Create: 
2025-11-29 13:58:15,719 [1-server-thread353] INFO  o.a.ratis.conf.ConfUtils:46 - raft.server.snapshot.creation.gap = 1024 (default) 
2025-11-29 13:58:15,719 [pool-21-IoTDB-ratis-bg-disk-guardian-1] INFO  o.a.i.c.r.RatisConsensus:709 - Raft group group-0002000008F5 took snapshot successfully 
2025-11-29 14:00:15,731 [1-server-thread354] INFO  o.a.r.s.i.RaftServerImpl:1045 - 1@group-0002000008F5: takeSnapshotAsync SnapshotManagementRequest:client-DF7CC7F9A83D->1@group-0002000008F5, cid=33643, seq=0, RO, null, Create: 
2025-11-29 14:00:15,732 [1-server-thread354] INFO  o.a.ratis.conf.ConfUtils:46 - raft.server.snapshot.creation.gap = 1024 (default) 
2025-11-29 14:00:15,732 [pool-21-IoTDB-ratis-bg-disk-guardian-1] INFO  o.a.i.c.r.RatisConsensus:709 - Raft group group-0002000008F5 took snapshot successfully 
2025-11-29 14:02:15,735 [1-server-thread355] INFO  o.a.r.s.i.RaftServerImpl:1045 - 1@group-0002000008F5: takeSnapshotAsync SnapshotManagementRequest:client-DF7CC7F9A83D->1@group-0002000008F5, cid=33644, seq=0, RO, null, Create: 
2025-11-29 14:02:15,736 [1-server-thread355] INFO  o.a.ratis.conf.ConfUtils:46 - raft.server.snapshot.creation.gap = 1024 (default) 
2025-11-29 14:02:15,736 [pool-21-IoTDB-ratis-bg-disk-guardian-1] INFO  o.a.i.c.r.RatisConsensus:709 - Raft group group-0002000008F5 took snapshot successfully 
2025-11-29 14:04:15,746 [1-server-thread356] INFO  o.a.r.s.i.RaftServerImpl:1045 - 1@group-0002000008F5: takeSnapshotAsync SnapshotManagementRequest:client-DF7CC7F9A83D->1@group-0002000008F5, cid=33645, seq=0, RO, null, Create: 
2025-11-29 14:04:15,746 [1-server-thread356] INFO  o.a.ratis.conf.ConfUtils:46 - raft.server.snapshot.creation.gap = 1024 (default) 
2025-11-29 14:04:15,747 [pool-21-IoTDB-ratis-bg-disk-guardian-1] INFO  o.a.i.c.r.RatisConsensus:709 - Raft group group-0002000008F5 took snapshot successfully 
2025-11-29 14:06:15,754 [1-server-thread357] INFO  o.a.r.s.i.RaftServerImpl:1045 - 1@group-0002000008F5: takeSnapshotAsync SnapshotManagementRequest:client-DF7CC7F9A83D->1@group-0002000008F5, cid=33646, seq=0, RO, null, Create: 
2025-11-29 14:06:15,754 [1-server-thread357] INFO  o.a.ratis.conf.ConfUtils:46 - raft.server.snapshot.creation.gap = 1024 (default) 
2025-11-29 14:06:15,755 [pool-21-IoTDB-ratis-bg-disk-guardian-1] INFO  o.a.i.c.r.RatisConsensus:709 - Raft group group-0002000008F5 took snapshot successfully 
2025-11-29 14:08:15,764 [1-server-thread358] INFO  o.a.r.s.i.RaftServerImpl:1045 - 1@group-0002000008F5: takeSnapshotAsync SnapshotManagementRequest:client-DF7CC7F9A83D->1@group-0002000008F5, cid=33647, seq=0, RO, null, Create: 
2025-11-29 14:08:15,764 [1-server-thread358] INFO  o.a.ratis.conf.ConfUtils:46 - raft.server.snapshot.creation.gap = 1024 (default) 
2025-11-29 14:08:15,764 [pool-21-IoTDB-ratis-bg-disk-guardian-1] INFO  o.a.i.c.r.RatisConsensus:709 - Raft group group-0002000008F5 took snapshot successfully 
2025-11-29 14:10:15,765 [1-server-thread359] INFO  o.a.r.s.i.RaftServerImpl:1045 - 1@group-0002000008F5: takeSnapshotAsync SnapshotManagementRequest:client-DF7CC7F9A83D->1@group-0002000008F5, cid=33648, seq=0, RO, null, Create: 
2025-11-29 14:10:15,766 [1-server-thread359] INFO  o.a.ratis.conf.ConfUtils:46 - raft.server.snapshot.creation.gap = 1024 (default) 
2025-11-29 14:10:15,766 [pool-21-IoTDB-ratis-bg-disk-guardian-1] INFO  o.a.i.c.r.RatisConsensus:709 - Raft group group-0002000008F5 took snapshot successfully 
2025-11-29 14:12:15,766 [1-server-thread360] INFO  o.a.r.s.i.RaftServerImpl:1045 - 1@group-0002000008F5: takeSnapshotAsync SnapshotManagementRequest:client-DF7CC7F9A83D->1@group-0002000008F5, cid=33649, seq=0, RO, null, Create: 
2025-11-29 14:12:15,766 [1-server-thread360] INFO  o.a.ratis.conf.ConfUtils:46 - raft.server.snapshot.creation.gap = 1024 (default) 
2025-11-29 14:12:15,767 [pool-21-IoTDB-ratis-bg-disk-guardian-1] INFO  o.a.i.c.r.RatisConsensus:709 - Raft group group-0002000008F5 took snapshot successfully 
2025-11-29 14:14:15,778 [1-server-thread361] INFO  o.a.r.s.i.RaftServerImpl:1045 - 1@group-0002000008F5: takeSnapshotAsync SnapshotManagementRequest:client-DF7CC7F9A83D->1@group-0002000008F5, cid=33650, seq=0, RO, null, Create: 
2025-11-29 14:14:15,779 [1-server-thread361] INFO  o.a.ratis.conf.ConfUtils:46 - raft.server.snapshot.creation.gap = 1024 (default) 
2025-11-29 14:14:15,779 [pool-21-IoTDB-ratis-bg-disk-guardian-1] INFO  o.a.i.c.r.RatisConsensus:709 - Raft group group-0002000008F5 took snapshot successfully 
2025-11-29 14:16:15,791 [1-server-thread362] INFO  o.a.r.s.i.RaftServerImpl:1045 - 1@group-0002000008F5: takeSnapshotAsync SnapshotManagementRequest:client-DF7CC7F9A83D->1@group-0002000008F5, cid=33651, seq=0, RO, null, Create: 
2025-11-29 14:16:15,791 [1-server-thread362] INFO  o.a.ratis.conf.ConfUtils:46 - raft.server.snapshot.creation.gap = 1024 (default) 
2025-11-29 14:16:15,791 [pool-21-IoTDB-ratis-bg-disk-guardian-1] INFO  o.a.i.c.r.RatisConsensus:709 - Raft group group-0002000008F5 took snapshot successfully 
2025-11-29 14:18:15,803 [1-server-thread363] INFO  o.a.r.s.i.RaftServerImpl:1045 - 1@group-0002000008F5: takeSnapshotAsync SnapshotManagementRequest:client-DF7CC7F9A83D->1@group-0002000008F5, cid=33652, seq=0, RO, null, Create: 
2025-11-29 14:18:15,804 [1-server-thread363] INFO  o.a.ratis.conf.ConfUtils:46 - raft.server.snapshot.creation.gap = 1024 (default) 
2025-11-29 14:18:15,804 [pool-21-IoTDB-ratis-bg-disk-guardian-1] INFO  o.a.i.c.r.RatisConsensus:709 - Raft group group-0002000008F5 took snapshot successfully 
2025-11-29 14:20:15,815 [1-server-thread364] INFO  o.a.r.s.i.RaftServerImpl:1045 - 1@group-0002000008F5: takeSnapshotAsync SnapshotManagementRequest:client-DF7CC7F9A83D->1@group-0002000008F5, cid=33653, seq=0, RO, null, Create: 
2025-11-29 14:20:15,816 [1-server-thread364] INFO  o.a.ratis.conf.ConfUtils:46 - raft.server.snapshot.creation.gap = 1024 (default) 
2025-11-29 14:20:15,816 [pool-21-IoTDB-ratis-bg-disk-guardian-1] INFO  o.a.i.c.r.RatisConsensus:709 - Raft group group-0002000008F5 took snapshot successfully 
2025-11-29 14:22:15,819 [1-server-thread365] INFO  o.a.r.s.i.RaftServerImpl:1045 - 1@group-0002000008F5: takeSnapshotAsync SnapshotManagementRequest:client-DF7CC7F9A83D->1@group-0002000008F5, cid=33654, seq=0, RO, null, Create: 
2025-11-29 14:22:15,819 [1-server-thread365] INFO  o.a.ratis.conf.ConfUtils:46 - raft.server.snapshot.creation.gap = 1024 (default) 
2025-11-29 14:22:15,819 [pool-21-IoTDB-ratis-bg-disk-guardian-1] INFO  o.a.i.c.r.RatisConsensus:709 - Raft group group-0002000008F5 took snapshot successfully 
2025-11-29 14:24:15,831 [1-server-thread366] INFO  o.a.r.s.i.RaftServerImpl:1045 - 1@group-0002000008F5: takeSnapshotAsync SnapshotManagementRequest:client-DF7CC7F9A83D->1@group-0002000008F5, cid=33655, seq=0, RO, null, Create: 
2025-11-29 14:24:15,831 [1-server-thread366] INFO  o.a.ratis.conf.ConfUtils:46 - raft.server.snapshot.creation.gap = 1024 (default) 
2025-11-29 14:24:15,832 [pool-21-IoTDB-ratis-bg-disk-guardian-1] INFO  o.a.i.c.r.RatisConsensus:709 - Raft group group-0002000008F5 took snapshot successfully 
2025-11-29 14:26:15,843 [1-server-thread367] INFO  o.a.r.s.i.RaftServerImpl:1045 - 1@group-0002000008F5: takeSnapshotAsync SnapshotManagementRequest:client-DF7CC7F9A83D->1@group-0002000008F5, cid=33656, seq=0, RO, null, Create: 
2025-11-29 14:26:15,844 [1-server-thread367] INFO  o.a.ratis.conf.ConfUtils:46 - raft.server.snapshot.creation.gap = 1024 (default) 
2025-11-29 14:26:15,844 [pool-21-IoTDB-ratis-bg-disk-guardian-1] INFO  o.a.i.c.r.RatisConsensus:709 - Raft group group-0002000008F5 took snapshot successfully 
2025-11-29 14:28:15,848 [1-server-thread368] INFO  o.a.r.s.i.RaftServerImpl:1045 - 1@group-0002000008F5: takeSnapshotAsync SnapshotManagementRequest:client-DF7CC7F9A83D->1@group-0002000008F5, cid=33657, seq=0, RO, null, Create: 
2025-11-29 14:28:15,849 [1-server-thread368] INFO  o.a.ratis.conf.ConfUtils:46 - raft.server.snapshot.creation.gap = 1024 (default) 
2025-11-29 14:28:15,849 [pool-21-IoTDB-ratis-bg-disk-guardian-1] INFO  o.a.i.c.r.RatisConsensus:709 - Raft group group-0002000008F5 took snapshot successfully 
2025-11-29 14:30:15,854 [1-server-thread369] INFO  o.a.r.s.i.RaftServerImpl:1045 - 1@group-0002000008F5: takeSnapshotAsync SnapshotManagementRequest:client-DF7CC7F9A83D->1@group-0002000008F5, cid=33658, seq=0, RO, null, Create: 
2025-11-29 14:30:15,855 [1-server-thread369] INFO  o.a.ratis.conf.ConfUtils:46 - raft.server.snapshot.creation.gap = 1024 (default) 
2025-11-29 14:30:15,855 [pool-21-IoTDB-ratis-bg-disk-guardian-1] INFO  o.a.i.c.r.RatisConsensus:709 - Raft group group-0002000008F5 took snapshot successfully 
2025-11-29 14:32:15,867 [1-server-thread370] INFO  o.a.r.s.i.RaftServerImpl:1045 - 1@group-0002000008F5: takeSnapshotAsync SnapshotManagementRequest:client-DF7CC7F9A83D->1@group-0002000008F5, cid=33659, seq=0, RO, null, Create: 
2025-11-29 14:32:15,867 [1-server-thread370] INFO  o.a.ratis.conf.ConfUtils:46 - raft.server.snapshot.creation.gap = 1024 (default) 
2025-11-29 14:32:15,868 [pool-21-IoTDB-ratis-bg-disk-guardian-1] INFO  o.a.i.c.r.RatisConsensus:709 - Raft group group-0002000008F5 took snapshot successfully 
2025-11-29 14:34:15,878 [1-server-thread371] INFO  o.a.r.s.i.RaftServerImpl:1045 - 1@group-0002000008F5: takeSnapshotAsync SnapshotManagementRequest:client-DF7CC7F9A83D->1@group-0002000008F5, cid=33660, seq=0, RO, null, Create: 
2025-11-29 14:34:15,879 [1-server-thread371] INFO  o.a.ratis.conf.ConfUtils:46 - raft.server.snapshot.creation.gap = 1024 (default) 
2025-11-29 14:34:15,879 [pool-21-IoTDB-ratis-bg-disk-guardian-1] INFO  o.a.i.c.r.RatisConsensus:709 - Raft group group-0002000008F5 took snapshot successfully 
2025-11-29 14:36:15,880 [1-server-thread372] INFO  o.a.r.s.i.RaftServerImpl:1045 - 1@group-0002000008F5: takeSnapshotAsync SnapshotManagementRequest:client-DF7CC7F9A83D->1@group-0002000008F5, cid=33661, seq=0, RO, null, Create: 
2025-11-29 14:36:15,881 [1-server-thread372] INFO  o.a.ratis.conf.ConfUtils:46 - raft.server.snapshot.creation.gap = 1024 (default) 
2025-11-29 14:36:15,881 [pool-21-IoTDB-ratis-bg-disk-guardian-1] INFO  o.a.i.c.r.RatisConsensus:709 - Raft group group-0002000008F5 took snapshot successfully 
2025-11-29 14:38:15,892 [1-server-thread373] INFO  o.a.r.s.i.RaftServerImpl:1045 - 1@group-0002000008F5: takeSnapshotAsync SnapshotManagementRequest:client-DF7CC7F9A83D->1@group-0002000008F5, cid=33662, seq=0, RO, null, Create: 
2025-11-29 14:38:15,893 [1-server-thread373] INFO  o.a.ratis.conf.ConfUtils:46 - raft.server.snapshot.creation.gap = 1024 (default) 
2025-11-29 14:38:15,893 [pool-21-IoTDB-ratis-bg-disk-guardian-1] INFO  o.a.i.c.r.RatisConsensus:709 - Raft group group-0002000008F5 took snapshot successfully 
2025-11-29 14:40:15,898 [1-server-thread374] INFO  o.a.r.s.i.RaftServerImpl:1045 - 1@group-0002000008F5: takeSnapshotAsync SnapshotManagementRequest:client-DF7CC7F9A83D->1@group-0002000008F5, cid=33663, seq=0, RO, null, Create: 
2025-11-29 14:40:15,898 [1-server-thread374] INFO  o.a.ratis.conf.ConfUtils:46 - raft.server.snapshot.creation.gap = 1024 (default) 
2025-11-29 14:40:15,898 [pool-21-IoTDB-ratis-bg-disk-guardian-1] INFO  o.a.i.c.r.RatisConsensus:709 - Raft group group-0002000008F5 took snapshot successfully 
2025-11-29 14:42:15,902 [1-server-thread375] INFO  o.a.r.s.i.RaftServerImpl:1045 - 1@group-0002000008F5: takeSnapshotAsync SnapshotManagementRequest:client-DF7CC7F9A83D->1@group-0002000008F5, cid=33664, seq=0, RO, null, Create: 
2025-11-29 14:42:15,903 [1-server-thread375] INFO  o.a.ratis.conf.ConfUtils:46 - raft.server.snapshot.creation.gap = 1024 (default) 
2025-11-29 14:42:15,903 [pool-21-IoTDB-ratis-bg-disk-guardian-1] INFO  o.a.i.c.r.RatisConsensus:709 - Raft group group-0002000008F5 took snapshot successfully 
2025-11-29 14:44:15,915 [1-server-thread376] INFO  o.a.r.s.i.RaftServerImpl:1045 - 1@group-0002000008F5: takeSnapshotAsync SnapshotManagementRequest:client-DF7CC7F9A83D->1@group-0002000008F5, cid=33665, seq=0, RO, null, Create: 
2025-11-29 14:44:15,915 [1-server-thread376] INFO  o.a.ratis.conf.ConfUtils:46 - raft.server.snapshot.creation.gap = 1024 (default) 
2025-11-29 14:44:15,915 [pool-21-IoTDB-ratis-bg-disk-guardian-1] INFO  o.a.i.c.r.RatisConsensus:709 - Raft group group-0002000008F5 took snapshot successfully 
2025-11-29 14:46:15,927 [1-server-thread377] INFO  o.a.r.s.i.RaftServerImpl:1045 - 1@group-0002000008F5: takeSnapshotAsync SnapshotManagementRequest:client-DF7CC7F9A83D->1@group-0002000008F5, cid=33666, seq=0, RO, null, Create: 
2025-11-29 14:46:15,927 [1-server-thread377] INFO  o.a.ratis.conf.ConfUtils:46 - raft.server.snapshot.creation.gap = 1024 (default) 
2025-11-29 14:46:15,927 [pool-21-IoTDB-ratis-bg-disk-guardian-1] INFO  o.a.i.c.r.RatisConsensus:709 - Raft group group-0002000008F5 took snapshot successfully 
2025-11-29 14:48:15,939 [1-server-thread378] INFO  o.a.r.s.i.RaftServerImpl:1045 - 1@group-0002000008F5: takeSnapshotAsync SnapshotManagementRequest:client-DF7CC7F9A83D->1@group-0002000008F5, cid=33667, seq=0, RO, null, Create: 
2025-11-29 14:48:15,939 [1-server-thread378] INFO  o.a.ratis.conf.ConfUtils:46 - raft.server.snapshot.creation.gap = 1024 (default) 
2025-11-29 14:48:15,939 [pool-21-IoTDB-ratis-bg-disk-guardian-1] INFO  o.a.i.c.r.RatisConsensus:709 - Raft group group-0002000008F5 took snapshot successfully 
2025-11-29 14:50:15,951 [1-server-thread379] INFO  o.a.r.s.i.RaftServerImpl:1045 - 1@group-0002000008F5: takeSnapshotAsync SnapshotManagementRequest:client-DF7CC7F9A83D->1@group-0002000008F5, cid=33668, seq=0, RO, null, Create: 
2025-11-29 14:50:15,951 [1-server-thread379] INFO  o.a.ratis.conf.ConfUtils:46 - raft.server.snapshot.creation.gap = 1024 (default) 
2025-11-29 14:50:15,951 [pool-21-IoTDB-ratis-bg-disk-guardian-1] INFO  o.a.i.c.r.RatisConsensus:709 - Raft group group-0002000008F5 took snapshot successfully 
2025-11-29 14:52:15,963 [1-server-thread380] INFO  o.a.r.s.i.RaftServerImpl:1045 - 1@group-0002000008F5: takeSnapshotAsync SnapshotManagementRequest:client-DF7CC7F9A83D->1@group-0002000008F5, cid=33669, seq=0, RO, null, Create: 
2025-11-29 14:52:15,963 [1-server-thread380] INFO  o.a.ratis.conf.ConfUtils:46 - raft.server.snapshot.creation.gap = 1024 (default) 
2025-11-29 14:52:15,964 [pool-21-IoTDB-ratis-bg-disk-guardian-1] INFO  o.a.i.c.r.RatisConsensus:709 - Raft group group-0002000008F5 took snapshot successfully 
2025-11-29 14:54:15,975 [1-server-thread381] INFO  o.a.r.s.i.RaftServerImpl:1045 - 1@group-0002000008F5: takeSnapshotAsync SnapshotManagementRequest:client-DF7CC7F9A83D->1@group-0002000008F5, cid=33670, seq=0, RO, null, Create: 
2025-11-29 14:54:15,975 [1-server-thread381] INFO  o.a.ratis.conf.ConfUtils:46 - raft.server.snapshot.creation.gap = 1024 (default) 
2025-11-29 14:54:15,976 [pool-21-IoTDB-ratis-bg-disk-guardian-1] INFO  o.a.i.c.r.RatisConsensus:709 - Raft group group-0002000008F5 took snapshot successfully 
2025-11-29 14:56:15,980 [1-server-thread382] INFO  o.a.r.s.i.RaftServerImpl:1045 - 1@group-0002000008F5: takeSnapshotAsync SnapshotManagementRequest:client-DF7CC7F9A83D->1@group-0002000008F5, cid=33671, seq=0, RO, null, Create: 
2025-11-29 14:56:15,981 [1-server-thread382] INFO  o.a.ratis.conf.ConfUtils:46 - raft.server.snapshot.creation.gap = 1024 (default) 
2025-11-29 14:56:15,981 [pool-21-IoTDB-ratis-bg-disk-guardian-1] INFO  o.a.i.c.r.RatisConsensus:709 - Raft group group-0002000008F5 took snapshot successfully 
2025-11-29 14:58:15,992 [1-server-thread383] INFO  o.a.r.s.i.RaftServerImpl:1045 - 1@group-0002000008F5: takeSnapshotAsync SnapshotManagementRequest:client-DF7CC7F9A83D->1@group-0002000008F5, cid=33672, seq=0, RO, null, Create: 
2025-11-29 14:58:15,993 [1-server-thread383] INFO  o.a.ratis.conf.ConfUtils:46 - raft.server.snapshot.creation.gap = 1024 (default) 
2025-11-29 14:58:15,993 [pool-21-IoTDB-ratis-bg-disk-guardian-1] INFO  o.a.i.c.r.RatisConsensus:709 - Raft group group-0002000008F5 took snapshot successfully 
2025-11-29 15:00:15,967 [1-server-thread384] INFO  o.a.r.s.i.RaftServerImpl:1045 - 1@group-0002000008F5: takeSnapshotAsync SnapshotManagementRequest:client-DF7CC7F9A83D->1@group-0002000008F5, cid=33673, seq=0, RO, null, Create: 
2025-11-29 15:00:15,968 [1-server-thread384] INFO  o.a.ratis.conf.ConfUtils:46 - raft.server.snapshot.creation.gap = 1024 (default) 
2025-11-29 15:00:15,968 [pool-21-IoTDB-ratis-bg-disk-guardian-1] INFO  o.a.i.c.r.RatisConsensus:709 - Raft group group-0002000008F5 took snapshot successfully 
2025-11-29 15:02:15,974 [1-server-thread385] INFO  o.a.r.s.i.RaftServerImpl:1045 - 1@group-0002000008F5: takeSnapshotAsync SnapshotManagementRequest:client-DF7CC7F9A83D->1@group-0002000008F5, cid=33674, seq=0, RO, null, Create: 
2025-11-29 15:02:15,975 [1-server-thread385] INFO  o.a.ratis.conf.ConfUtils:46 - raft.server.snapshot.creation.gap = 1024 (default) 
2025-11-29 15:02:15,975 [pool-21-IoTDB-ratis-bg-disk-guardian-1] INFO  o.a.i.c.r.RatisConsensus:709 - Raft group group-0002000008F5 took snapshot successfully 
2025-11-29 15:04:15,986 [1-server-thread386] INFO  o.a.r.s.i.RaftServerImpl:1045 - 1@group-0002000008F5: takeSnapshotAsync SnapshotManagementRequest:client-DF7CC7F9A83D->1@group-0002000008F5, cid=33675, seq=0, RO, null, Create: 
2025-11-29 15:04:15,986 [1-server-thread386] INFO  o.a.ratis.conf.ConfUtils:46 - raft.server.snapshot.creation.gap = 1024 (default) 
2025-11-29 15:04:15,986 [pool-21-IoTDB-ratis-bg-disk-guardian-1] INFO  o.a.i.c.r.RatisConsensus:709 - Raft group group-0002000008F5 took snapshot successfully 
2025-11-29 15:06:15,992 [1-server-thread387] INFO  o.a.r.s.i.RaftServerImpl:1045 - 1@group-0002000008F5: takeSnapshotAsync SnapshotManagementRequest:client-DF7CC7F9A83D->1@group-0002000008F5, cid=33676, seq=0, RO, null, Create: 
2025-11-29 15:06:15,992 [1-server-thread387] INFO  o.a.ratis.conf.ConfUtils:46 - raft.server.snapshot.creation.gap = 1024 (default) 
2025-11-29 15:06:15,992 [pool-21-IoTDB-ratis-bg-disk-guardian-1] INFO  o.a.i.c.r.RatisConsensus:709 - Raft group group-0002000008F5 took snapshot successfully 
2025-11-29 15:08:15,997 [1-server-thread388] INFO  o.a.r.s.i.RaftServerImpl:1045 - 1@group-0002000008F5: takeSnapshotAsync SnapshotManagementRequest:client-DF7CC7F9A83D->1@group-0002000008F5, cid=33677, seq=0, RO, null, Create: 
2025-11-29 15:08:15,997 [1-server-thread388] INFO  o.a.ratis.conf.ConfUtils:46 - raft.server.snapshot.creation.gap = 1024 (default) 
2025-11-29 15:08:15,997 [pool-21-IoTDB-ratis-bg-disk-guardian-1] INFO  o.a.i.c.r.RatisConsensus:709 - Raft group group-0002000008F5 took snapshot successfully 
2025-11-29 15:10:16,002 [1-server-thread389] INFO  o.a.r.s.i.RaftServerImpl:1045 - 1@group-0002000008F5: takeSnapshotAsync SnapshotManagementRequest:client-DF7CC7F9A83D->1@group-0002000008F5, cid=33678, seq=0, RO, null, Create: 
2025-11-29 15:10:16,002 [1-server-thread389] INFO  o.a.ratis.conf.ConfUtils:46 - raft.server.snapshot.creation.gap = 1024 (default) 
2025-11-29 15:10:16,002 [pool-21-IoTDB-ratis-bg-disk-guardian-1] INFO  o.a.i.c.r.RatisConsensus:709 - Raft group group-0002000008F5 took snapshot successfully 
2025-11-29 15:12:16,008 [1-server-thread390] INFO  o.a.r.s.i.RaftServerImpl:1045 - 1@group-0002000008F5: takeSnapshotAsync SnapshotManagementRequest:client-DF7CC7F9A83D->1@group-0002000008F5, cid=33679, seq=0, RO, null, Create: 
2025-11-29 15:12:16,008 [1-server-thread390] INFO  o.a.ratis.conf.ConfUtils:46 - raft.server.snapshot.creation.gap = 1024 (default) 
2025-11-29 15:12:16,008 [pool-21-IoTDB-ratis-bg-disk-guardian-1] INFO  o.a.i.c.r.RatisConsensus:709 - Raft group group-0002000008F5 took snapshot successfully 
2025-11-29 15:14:16,011 [1-server-thread391] INFO  o.a.r.s.i.RaftServerImpl:1045 - 1@group-0002000008F5: takeSnapshotAsync SnapshotManagementRequest:client-DF7CC7F9A83D->1@group-0002000008F5, cid=33680, seq=0, RO, null, Create: 
2025-11-29 15:14:16,012 [1-server-thread391] INFO  o.a.ratis.conf.ConfUtils:46 - raft.server.snapshot.creation.gap = 1024 (default) 
2025-11-29 15:14:16,012 [pool-21-IoTDB-ratis-bg-disk-guardian-1] INFO  o.a.i.c.r.RatisConsensus:709 - Raft group group-0002000008F5 took snapshot successfully 
2025-11-29 15:16:16,017 [1-server-thread392] INFO  o.a.r.s.i.RaftServerImpl:1045 - 1@group-0002000008F5: takeSnapshotAsync SnapshotManagementRequest:client-DF7CC7F9A83D->1@group-0002000008F5, cid=33681, seq=0, RO, null, Create: 
2025-11-29 15:16:16,017 [1-server-thread392] INFO  o.a.ratis.conf.ConfUtils:46 - raft.server.snapshot.creation.gap = 1024 (default) 
2025-11-29 15:16:16,018 [pool-21-IoTDB-ratis-bg-disk-guardian-1] INFO  o.a.i.c.r.RatisConsensus:709 - Raft group group-0002000008F5 took snapshot successfully 
2025-11-29 15:18:16,018 [1-server-thread393] INFO  o.a.r.s.i.RaftServerImpl:1045 - 1@group-0002000008F5: takeSnapshotAsync SnapshotManagementRequest:client-DF7CC7F9A83D->1@group-0002000008F5, cid=33682, seq=0, RO, null, Create: 
2025-11-29 15:18:16,019 [1-server-thread393] INFO  o.a.ratis.conf.ConfUtils:46 - raft.server.snapshot.creation.gap = 1024 (default) 
2025-11-29 15:18:16,019 [pool-21-IoTDB-ratis-bg-disk-guardian-1] INFO  o.a.i.c.r.RatisConsensus:709 - Raft group group-0002000008F5 took snapshot successfully 
2025-11-29 15:20:16,024 [1-server-thread394] INFO  o.a.r.s.i.RaftServerImpl:1045 - 1@group-0002000008F5: takeSnapshotAsync SnapshotManagementRequest:client-DF7CC7F9A83D->1@group-0002000008F5, cid=33683, seq=0, RO, null, Create: 
2025-11-29 15:20:16,025 [1-server-thread394] INFO  o.a.ratis.conf.ConfUtils:46 - raft.server.snapshot.creation.gap = 1024 (default) 
2025-11-29 15:20:16,025 [pool-21-IoTDB-ratis-bg-disk-guardian-1] INFO  o.a.i.c.r.RatisConsensus:709 - Raft group group-0002000008F5 took snapshot successfully 
2025-11-29 15:22:16,029 [1-server-thread395] INFO  o.a.r.s.i.RaftServerImpl:1045 - 1@group-0002000008F5: takeSnapshotAsync SnapshotManagementRequest:client-DF7CC7F9A83D->1@group-0002000008F5, cid=33684, seq=0, RO, null, Create: 
2025-11-29 15:22:16,030 [1-server-thread395] INFO  o.a.ratis.conf.ConfUtils:46 - raft.server.snapshot.creation.gap = 1024 (default) 
2025-11-29 15:22:16,030 [pool-21-IoTDB-ratis-bg-disk-guardian-1] INFO  o.a.i.c.r.RatisConsensus:709 - Raft group group-0002000008F5 took snapshot successfully 
2025-11-29 15:24:16,054 [1-server-thread396] INFO  o.a.r.s.i.RaftServerImpl:1045 - 1@group-0002000008F5: takeSnapshotAsync SnapshotManagementRequest:client-DF7CC7F9A83D->1@group-0002000008F5, cid=33685, seq=0, RO, null, Create: 
2025-11-29 15:24:16,055 [1-server-thread396] INFO  o.a.ratis.conf.ConfUtils:46 - raft.server.snapshot.creation.gap = 1024 (default) 
2025-11-29 15:24:16,055 [pool-21-IoTDB-ratis-bg-disk-guardian-1] INFO  o.a.i.c.r.RatisConsensus:709 - Raft group group-0002000008F5 took snapshot successfully 
2025-11-29 15:26:16,075 [1-server-thread397] INFO  o.a.r.s.i.RaftServerImpl:1045 - 1@group-0002000008F5: takeSnapshotAsync SnapshotManagementRequest:client-DF7CC7F9A83D->1@group-0002000008F5, cid=33686, seq=0, RO, null, Create: 
2025-11-29 15:26:16,076 [1-server-thread397] INFO  o.a.ratis.conf.ConfUtils:46 - raft.server.snapshot.creation.gap = 1024 (default) 
2025-11-29 15:26:16,076 [pool-21-IoTDB-ratis-bg-disk-guardian-1] INFO  o.a.i.c.r.RatisConsensus:709 - Raft group group-0002000008F5 took snapshot successfully 
2025-11-29 15:28:16,083 [1-server-thread398] INFO  o.a.r.s.i.RaftServerImpl:1045 - 1@group-0002000008F5: takeSnapshotAsync SnapshotManagementRequest:client-DF7CC7F9A83D->1@group-0002000008F5, cid=33687, seq=0, RO, null, Create: 
2025-11-29 15:28:16,083 [1-server-thread398] INFO  o.a.ratis.conf.ConfUtils:46 - raft.server.snapshot.creation.gap = 1024 (default) 
2025-11-29 15:28:16,083 [pool-21-IoTDB-ratis-bg-disk-guardian-1] INFO  o.a.i.c.r.RatisConsensus:709 - Raft group group-0002000008F5 took snapshot successfully 
