2025-11-26 09:19:08,156 [pool-27-IoTDB-ClientRPC-Processor-9] ERROR o.a.t.s.TThreadPoolServer$WorkerProcess:258 - Thrift Error occurred during processing of message. 
org.apache.thrift.transport.TTransportException: java.net.SocketException: Connection reset
	at org.apache.thrift.transport.TIOStreamTransport.read(TIOStreamTransport.java:178)
	at org.apache.thrift.transport.TTransport.readAll(TTransport.java:109)
	at org.apache.iotdb.rpc.TElasticFramedTransport.readFrame(TElasticFramedTransport.java:112)
	at org.apache.iotdb.rpc.TElasticFramedTransport.read(TElasticFramedTransport.java:107)
	at org.apache.thrift.transport.TTransport.readAll(TTransport.java:109)
	at org.apache.thrift.protocol.TBinaryProtocol.readAll(TBinaryProtocol.java:463)
	at org.apache.thrift.protocol.TBinaryProtocol.readI32(TBinaryProtocol.java:361)
	at org.apache.thrift.protocol.TBinaryProtocol.readMessageBegin(TBinaryProtocol.java:244)
	at org.apache.iotdb.db.service.thrift.ProcessorWithMetrics.process(ProcessorWithMetrics.java:50)
	at org.apache.thrift.server.TThreadPoolServer$WorkerProcess.run(TThreadPoolServer.java:248)
	at java.base/java.util.concurrent.ThreadPoolExecutor.runWorker(ThreadPoolExecutor.java:1128)
	at java.base/java.util.concurrent.ThreadPoolExecutor$Worker.run(ThreadPoolExecutor.java:628)
	at java.base/java.lang.Thread.run(Thread.java:829)
Caused by: java.net.SocketException: Connection reset
	at java.base/java.net.SocketInputStream.read(SocketInputStream.java:186)
	at java.base/java.net.SocketInputStream.read(SocketInputStream.java:140)
	at java.base/java.io.BufferedInputStream.fill(BufferedInputStream.java:252)
	at java.base/java.io.BufferedInputStream.read1(BufferedInputStream.java:292)
	at java.base/java.io.BufferedInputStream.read(BufferedInputStream.java:351)
	at org.apache.thrift.transport.TIOStreamTransport.read(TIOStreamTransport.java:176)
	... 12 common frames omitted
2025-11-26 10:02:05,225 [pool-27-IoTDB-ClientRPC-Processor-9] ERROR o.a.t.s.TThreadPoolServer$WorkerProcess:258 - Thrift Error occurred during processing of message. 
org.apache.thrift.transport.TTransportException: java.net.SocketException: Connection reset
	at org.apache.thrift.transport.TIOStreamTransport.read(TIOStreamTransport.java:178)
	at org.apache.thrift.transport.TTransport.readAll(TTransport.java:109)
	at org.apache.iotdb.rpc.TElasticFramedTransport.readFrame(TElasticFramedTransport.java:112)
	at org.apache.iotdb.rpc.TElasticFramedTransport.read(TElasticFramedTransport.java:107)
	at org.apache.thrift.transport.TTransport.readAll(TTransport.java:109)
	at org.apache.thrift.protocol.TBinaryProtocol.readAll(TBinaryProtocol.java:463)
	at org.apache.thrift.protocol.TBinaryProtocol.readI32(TBinaryProtocol.java:361)
	at org.apache.thrift.protocol.TBinaryProtocol.readMessageBegin(TBinaryProtocol.java:244)
	at org.apache.iotdb.db.service.thrift.ProcessorWithMetrics.process(ProcessorWithMetrics.java:50)
	at org.apache.thrift.server.TThreadPoolServer$WorkerProcess.run(TThreadPoolServer.java:248)
	at java.base/java.util.concurrent.ThreadPoolExecutor.runWorker(ThreadPoolExecutor.java:1128)
	at java.base/java.util.concurrent.ThreadPoolExecutor$Worker.run(ThreadPoolExecutor.java:628)
	at java.base/java.lang.Thread.run(Thread.java:829)
Caused by: java.net.SocketException: Connection reset
	at java.base/java.net.SocketInputStream.read(SocketInputStream.java:186)
	at java.base/java.net.SocketInputStream.read(SocketInputStream.java:140)
	at java.base/java.io.BufferedInputStream.fill(BufferedInputStream.java:252)
	at java.base/java.io.BufferedInputStream.read1(BufferedInputStream.java:292)
	at java.base/java.io.BufferedInputStream.read(BufferedInputStream.java:351)
	at org.apache.thrift.transport.TIOStreamTransport.read(TIOStreamTransport.java:176)
	... 12 common frames omitted
2025-11-26 10:02:05,225 [pool-27-IoTDB-ClientRPC-Processor-8] ERROR o.a.t.s.TThreadPoolServer$WorkerProcess:258 - Thrift Error occurred during processing of message. 
org.apache.thrift.transport.TTransportException: java.net.SocketException: Connection reset
	at org.apache.thrift.transport.TIOStreamTransport.read(TIOStreamTransport.java:178)
	at org.apache.thrift.transport.TTransport.readAll(TTransport.java:109)
	at org.apache.iotdb.rpc.TElasticFramedTransport.readFrame(TElasticFramedTransport.java:112)
	at org.apache.iotdb.rpc.TElasticFramedTransport.read(TElasticFramedTransport.java:107)
	at org.apache.thrift.transport.TTransport.readAll(TTransport.java:109)
	at org.apache.thrift.protocol.TBinaryProtocol.readAll(TBinaryProtocol.java:463)
	at org.apache.thrift.protocol.TBinaryProtocol.readI32(TBinaryProtocol.java:361)
	at org.apache.thrift.protocol.TBinaryProtocol.readMessageBegin(TBinaryProtocol.java:244)
	at org.apache.iotdb.db.service.thrift.ProcessorWithMetrics.process(ProcessorWithMetrics.java:50)
	at org.apache.thrift.server.TThreadPoolServer$WorkerProcess.run(TThreadPoolServer.java:248)
	at java.base/java.util.concurrent.ThreadPoolExecutor.runWorker(ThreadPoolExecutor.java:1128)
	at java.base/java.util.concurrent.ThreadPoolExecutor$Worker.run(ThreadPoolExecutor.java:628)
	at java.base/java.lang.Thread.run(Thread.java:829)
Caused by: java.net.SocketException: Connection reset
	at java.base/java.net.SocketInputStream.read(SocketInputStream.java:186)
	at java.base/java.net.SocketInputStream.read(SocketInputStream.java:140)
	at java.base/java.io.BufferedInputStream.fill(BufferedInputStream.java:252)
	at java.base/java.io.BufferedInputStream.read1(BufferedInputStream.java:292)
	at java.base/java.io.BufferedInputStream.read(BufferedInputStream.java:351)
	at org.apache.thrift.transport.TIOStreamTransport.read(TIOStreamTransport.java:176)
	... 12 common frames omitted
2025-11-26 10:10:12,609 [pool-19-IoTDB-Sub-Compaction-37] ERROR o.a.i.c.c.t.WrappedThreadPoolExecutor:104 - Exception in thread pool org.apache.iotdb.threadpool:type=Sub-Compaction 
java.lang.StringIndexOutOfBoundsException: begin 0, end 32, length 0
	at java.base/java.lang.String.checkBoundsBeginEnd(String.java:3319)
	at java.base/java.lang.String.substring(String.java:1874)
	at org.apache.iotdb.tsfile.encoding.decoder.FloatRAKEDecoder.readFloat(FloatRAKEDecoder.java:28)
	at org.apache.iotdb.tsfile.read.reader.page.PageReader.getAllSatisfiedData(PageReader.java:204)
	at org.apache.iotdb.db.mpp.execution.operator.source.SeriesScanUtil$VersionPageReader.getAllSatisfiedPageData(SeriesScanUtil.java:1127)
	at org.apache.iotdb.db.mpp.execution.operator.source.SeriesScanUtil.nextPage(SeriesScanUtil.java:632)
	at org.apache.iotdb.db.engine.compaction.reader.SeriesDataBlockReader.readPageData(SeriesDataBlockReader.java:145)
	at org.apache.iotdb.db.engine.compaction.reader.SeriesDataBlockReader.readChunkData(SeriesDataBlockReader.java:136)
	at org.apache.iotdb.db.engine.compaction.reader.SeriesDataBlockReader.hasNextBatch(SeriesDataBlockReader.java:112)
	at org.apache.iotdb.db.engine.compaction.cross.rewrite.task.ReadPointPerformerSubTask.call(ReadPointPerformerSubTask.java:87)
	at org.apache.iotdb.db.engine.compaction.cross.rewrite.task.ReadPointPerformerSubTask.call(ReadPointPerformerSubTask.java:44)
	at java.base/java.util.concurrent.FutureTask.run(FutureTask.java:264)
	at java.base/java.util.concurrent.ThreadPoolExecutor.runWorker(ThreadPoolExecutor.java:1128)
	at java.base/java.util.concurrent.ThreadPoolExecutor$Worker.run(ThreadPoolExecutor.java:628)
	at java.base/java.lang.Thread.run(Thread.java:829)
2025-11-26 10:10:12,611 [pool-18-IoTDB-Compaction-1] ERROR o.a.i.d.e.c.i.InnerSpaceCompactionTask:265 - root.test-35 [Compaction] Meet errors in inner space compaction. 
java.util.concurrent.ExecutionException: java.lang.StringIndexOutOfBoundsException: begin 0, end 32, length 0
	at java.base/java.util.concurrent.FutureTask.report(FutureTask.java:122)
	at java.base/java.util.concurrent.FutureTask.get(FutureTask.java:191)
	at org.apache.iotdb.db.engine.compaction.performer.impl.ReadPointCompactionPerformer.compactNonAlignedSeries(ReadPointCompactionPerformer.java:221)
	at org.apache.iotdb.db.engine.compaction.performer.impl.ReadPointCompactionPerformer.perform(ReadPointCompactionPerformer.java:121)
	at org.apache.iotdb.db.engine.compaction.inner.InnerSpaceCompactionTask.doCompaction(InnerSpaceCompactionTask.java:148)
	at org.apache.iotdb.db.engine.compaction.task.AbstractCompactionTask.start(AbstractCompactionTask.java:76)
	at org.apache.iotdb.db.engine.compaction.CompactionWorker.run(CompactionWorker.java:66)
	at java.base/java.util.concurrent.Executors$RunnableAdapter.call(Executors.java:515)
	at java.base/java.util.concurrent.FutureTask.run(FutureTask.java:264)
	at java.base/java.util.concurrent.ThreadPoolExecutor.runWorker(ThreadPoolExecutor.java:1128)
	at java.base/java.util.concurrent.ThreadPoolExecutor$Worker.run(ThreadPoolExecutor.java:628)
	at java.base/java.lang.Thread.run(Thread.java:829)
Caused by: java.lang.StringIndexOutOfBoundsException: begin 0, end 32, length 0
	at java.base/java.lang.String.checkBoundsBeginEnd(String.java:3319)
	at java.base/java.lang.String.substring(String.java:1874)
	at org.apache.iotdb.tsfile.encoding.decoder.FloatRAKEDecoder.readFloat(FloatRAKEDecoder.java:28)
	at org.apache.iotdb.tsfile.read.reader.page.PageReader.getAllSatisfiedData(PageReader.java:204)
	at org.apache.iotdb.db.mpp.execution.operator.source.SeriesScanUtil$VersionPageReader.getAllSatisfiedPageData(SeriesScanUtil.java:1127)
	at org.apache.iotdb.db.mpp.execution.operator.source.SeriesScanUtil.nextPage(SeriesScanUtil.java:632)
	at org.apache.iotdb.db.engine.compaction.reader.SeriesDataBlockReader.readPageData(SeriesDataBlockReader.java:145)
	at org.apache.iotdb.db.engine.compaction.reader.SeriesDataBlockReader.readChunkData(SeriesDataBlockReader.java:136)
	at org.apache.iotdb.db.engine.compaction.reader.SeriesDataBlockReader.hasNextBatch(SeriesDataBlockReader.java:112)
	at org.apache.iotdb.db.engine.compaction.cross.rewrite.task.ReadPointPerformerSubTask.call(ReadPointPerformerSubTask.java:87)
	at org.apache.iotdb.db.engine.compaction.cross.rewrite.task.ReadPointPerformerSubTask.call(ReadPointPerformerSubTask.java:44)
	... 4 common frames omitted
2025-11-26 10:21:22,406 [pool-19-IoTDB-Sub-Compaction-26] ERROR o.a.i.c.c.t.WrappedThreadPoolExecutor:104 - Exception in thread pool org.apache.iotdb.threadpool:type=Sub-Compaction 
java.lang.StringIndexOutOfBoundsException: String index out of range: 0
	at java.base/java.lang.StringLatin1.charAt(StringLatin1.java:47)
	at java.base/java.lang.String.charAt(String.java:693)
	at org.apache.iotdb.tsfile.encoding.decoder.IntRAKEDecoder.readInt(IntRAKEDecoder.java:31)
	at org.apache.iotdb.tsfile.read.reader.page.PageReader.getAllSatisfiedData(PageReader.java:182)
	at org.apache.iotdb.db.mpp.execution.operator.source.SeriesScanUtil$VersionPageReader.getAllSatisfiedPageData(SeriesScanUtil.java:1127)
	at org.apache.iotdb.db.mpp.execution.operator.source.SeriesScanUtil.nextPage(SeriesScanUtil.java:632)
	at org.apache.iotdb.db.engine.compaction.reader.SeriesDataBlockReader.readPageData(SeriesDataBlockReader.java:145)
	at org.apache.iotdb.db.engine.compaction.reader.SeriesDataBlockReader.readChunkData(SeriesDataBlockReader.java:136)
	at org.apache.iotdb.db.engine.compaction.reader.SeriesDataBlockReader.hasNextBatch(SeriesDataBlockReader.java:112)
	at org.apache.iotdb.db.engine.compaction.cross.rewrite.task.ReadPointPerformerSubTask.call(ReadPointPerformerSubTask.java:87)
	at org.apache.iotdb.db.engine.compaction.cross.rewrite.task.ReadPointPerformerSubTask.call(ReadPointPerformerSubTask.java:44)
	at java.base/java.util.concurrent.FutureTask.run(FutureTask.java:264)
	at java.base/java.util.concurrent.ThreadPoolExecutor.runWorker(ThreadPoolExecutor.java:1128)
	at java.base/java.util.concurrent.ThreadPoolExecutor$Worker.run(ThreadPoolExecutor.java:628)
	at java.base/java.lang.Thread.run(Thread.java:829)
2025-11-26 10:21:22,406 [pool-18-IoTDB-Compaction-2] ERROR o.a.i.d.e.c.i.InnerSpaceCompactionTask:265 - root.test-45 [Compaction] Meet errors in inner space compaction. 
java.util.concurrent.ExecutionException: java.lang.StringIndexOutOfBoundsException: String index out of range: 0
	at java.base/java.util.concurrent.FutureTask.report(FutureTask.java:122)
	at java.base/java.util.concurrent.FutureTask.get(FutureTask.java:191)
	at org.apache.iotdb.db.engine.compaction.performer.impl.ReadPointCompactionPerformer.compactNonAlignedSeries(ReadPointCompactionPerformer.java:221)
	at org.apache.iotdb.db.engine.compaction.performer.impl.ReadPointCompactionPerformer.perform(ReadPointCompactionPerformer.java:121)
	at org.apache.iotdb.db.engine.compaction.inner.InnerSpaceCompactionTask.doCompaction(InnerSpaceCompactionTask.java:148)
	at org.apache.iotdb.db.engine.compaction.task.AbstractCompactionTask.start(AbstractCompactionTask.java:76)
	at org.apache.iotdb.db.engine.compaction.CompactionWorker.run(CompactionWorker.java:66)
	at java.base/java.util.concurrent.Executors$RunnableAdapter.call(Executors.java:515)
	at java.base/java.util.concurrent.FutureTask.run(FutureTask.java:264)
	at java.base/java.util.concurrent.ThreadPoolExecutor.runWorker(ThreadPoolExecutor.java:1128)
	at java.base/java.util.concurrent.ThreadPoolExecutor$Worker.run(ThreadPoolExecutor.java:628)
	at java.base/java.lang.Thread.run(Thread.java:829)
Caused by: java.lang.StringIndexOutOfBoundsException: String index out of range: 0
	at java.base/java.lang.StringLatin1.charAt(StringLatin1.java:47)
	at java.base/java.lang.String.charAt(String.java:693)
	at org.apache.iotdb.tsfile.encoding.decoder.IntRAKEDecoder.readInt(IntRAKEDecoder.java:31)
	at org.apache.iotdb.tsfile.read.reader.page.PageReader.getAllSatisfiedData(PageReader.java:182)
	at org.apache.iotdb.db.mpp.execution.operator.source.SeriesScanUtil$VersionPageReader.getAllSatisfiedPageData(SeriesScanUtil.java:1127)
	at org.apache.iotdb.db.mpp.execution.operator.source.SeriesScanUtil.nextPage(SeriesScanUtil.java:632)
	at org.apache.iotdb.db.engine.compaction.reader.SeriesDataBlockReader.readPageData(SeriesDataBlockReader.java:145)
	at org.apache.iotdb.db.engine.compaction.reader.SeriesDataBlockReader.readChunkData(SeriesDataBlockReader.java:136)
	at org.apache.iotdb.db.engine.compaction.reader.SeriesDataBlockReader.hasNextBatch(SeriesDataBlockReader.java:112)
	at org.apache.iotdb.db.engine.compaction.cross.rewrite.task.ReadPointPerformerSubTask.call(ReadPointPerformerSubTask.java:87)
	at org.apache.iotdb.db.engine.compaction.cross.rewrite.task.ReadPointPerformerSubTask.call(ReadPointPerformerSubTask.java:44)
	... 4 common frames omitted
2025-11-26 10:22:22,415 [pool-19-IoTDB-Sub-Compaction-30] ERROR o.a.i.c.c.t.WrappedThreadPoolExecutor:104 - Exception in thread pool org.apache.iotdb.threadpool:type=Sub-Compaction 
java.lang.StringIndexOutOfBoundsException: String index out of range: 0
	at java.base/java.lang.StringLatin1.charAt(StringLatin1.java:47)
	at java.base/java.lang.String.charAt(String.java:693)
	at org.apache.iotdb.tsfile.encoding.decoder.IntRAKEDecoder.readInt(IntRAKEDecoder.java:31)
	at org.apache.iotdb.tsfile.read.reader.page.PageReader.getAllSatisfiedData(PageReader.java:182)
	at org.apache.iotdb.db.mpp.execution.operator.source.SeriesScanUtil$VersionPageReader.getAllSatisfiedPageData(SeriesScanUtil.java:1127)
	at org.apache.iotdb.db.mpp.execution.operator.source.SeriesScanUtil.nextPage(SeriesScanUtil.java:632)
	at org.apache.iotdb.db.engine.compaction.reader.SeriesDataBlockReader.readPageData(SeriesDataBlockReader.java:145)
	at org.apache.iotdb.db.engine.compaction.reader.SeriesDataBlockReader.readChunkData(SeriesDataBlockReader.java:136)
	at org.apache.iotdb.db.engine.compaction.reader.SeriesDataBlockReader.hasNextBatch(SeriesDataBlockReader.java:112)
	at org.apache.iotdb.db.engine.compaction.cross.rewrite.task.ReadPointPerformerSubTask.call(ReadPointPerformerSubTask.java:87)
	at org.apache.iotdb.db.engine.compaction.cross.rewrite.task.ReadPointPerformerSubTask.call(ReadPointPerformerSubTask.java:44)
	at java.base/java.util.concurrent.FutureTask.run(FutureTask.java:264)
	at java.base/java.util.concurrent.ThreadPoolExecutor.runWorker(ThreadPoolExecutor.java:1128)
	at java.base/java.util.concurrent.ThreadPoolExecutor$Worker.run(ThreadPoolExecutor.java:628)
	at java.base/java.lang.Thread.run(Thread.java:829)
2025-11-26 10:22:22,415 [pool-18-IoTDB-Compaction-5] ERROR o.a.i.d.e.c.i.InnerSpaceCompactionTask:265 - root.test-45 [Compaction] Meet errors in inner space compaction. 
java.util.concurrent.ExecutionException: java.lang.StringIndexOutOfBoundsException: String index out of range: 0
	at java.base/java.util.concurrent.FutureTask.report(FutureTask.java:122)
	at java.base/java.util.concurrent.FutureTask.get(FutureTask.java:191)
	at org.apache.iotdb.db.engine.compaction.performer.impl.ReadPointCompactionPerformer.compactNonAlignedSeries(ReadPointCompactionPerformer.java:221)
	at org.apache.iotdb.db.engine.compaction.performer.impl.ReadPointCompactionPerformer.perform(ReadPointCompactionPerformer.java:121)
	at org.apache.iotdb.db.engine.compaction.inner.InnerSpaceCompactionTask.doCompaction(InnerSpaceCompactionTask.java:148)
	at org.apache.iotdb.db.engine.compaction.task.AbstractCompactionTask.start(AbstractCompactionTask.java:76)
	at org.apache.iotdb.db.engine.compaction.CompactionWorker.run(CompactionWorker.java:66)
	at java.base/java.util.concurrent.Executors$RunnableAdapter.call(Executors.java:515)
	at java.base/java.util.concurrent.FutureTask.run(FutureTask.java:264)
	at java.base/java.util.concurrent.ThreadPoolExecutor.runWorker(ThreadPoolExecutor.java:1128)
	at java.base/java.util.concurrent.ThreadPoolExecutor$Worker.run(ThreadPoolExecutor.java:628)
	at java.base/java.lang.Thread.run(Thread.java:829)
Caused by: java.lang.StringIndexOutOfBoundsException: String index out of range: 0
	at java.base/java.lang.StringLatin1.charAt(StringLatin1.java:47)
	at java.base/java.lang.String.charAt(String.java:693)
	at org.apache.iotdb.tsfile.encoding.decoder.IntRAKEDecoder.readInt(IntRAKEDecoder.java:31)
	at org.apache.iotdb.tsfile.read.reader.page.PageReader.getAllSatisfiedData(PageReader.java:182)
	at org.apache.iotdb.db.mpp.execution.operator.source.SeriesScanUtil$VersionPageReader.getAllSatisfiedPageData(SeriesScanUtil.java:1127)
	at org.apache.iotdb.db.mpp.execution.operator.source.SeriesScanUtil.nextPage(SeriesScanUtil.java:632)
	at org.apache.iotdb.db.engine.compaction.reader.SeriesDataBlockReader.readPageData(SeriesDataBlockReader.java:145)
	at org.apache.iotdb.db.engine.compaction.reader.SeriesDataBlockReader.readChunkData(SeriesDataBlockReader.java:136)
	at org.apache.iotdb.db.engine.compaction.reader.SeriesDataBlockReader.hasNextBatch(SeriesDataBlockReader.java:112)
	at org.apache.iotdb.db.engine.compaction.cross.rewrite.task.ReadPointPerformerSubTask.call(ReadPointPerformerSubTask.java:87)
	at org.apache.iotdb.db.engine.compaction.cross.rewrite.task.ReadPointPerformerSubTask.call(ReadPointPerformerSubTask.java:44)
	... 4 common frames omitted
2025-11-26 10:23:22,419 [pool-19-IoTDB-Sub-Compaction-32] ERROR o.a.i.c.c.t.WrappedThreadPoolExecutor:104 - Exception in thread pool org.apache.iotdb.threadpool:type=Sub-Compaction 
java.lang.StringIndexOutOfBoundsException: String index out of range: 0
	at java.base/java.lang.StringLatin1.charAt(StringLatin1.java:47)
	at java.base/java.lang.String.charAt(String.java:693)
	at org.apache.iotdb.tsfile.encoding.decoder.IntRAKEDecoder.readInt(IntRAKEDecoder.java:31)
	at org.apache.iotdb.tsfile.read.reader.page.PageReader.getAllSatisfiedData(PageReader.java:182)
	at org.apache.iotdb.db.mpp.execution.operator.source.SeriesScanUtil$VersionPageReader.getAllSatisfiedPageData(SeriesScanUtil.java:1127)
	at org.apache.iotdb.db.mpp.execution.operator.source.SeriesScanUtil.nextPage(SeriesScanUtil.java:632)
	at org.apache.iotdb.db.engine.compaction.reader.SeriesDataBlockReader.readPageData(SeriesDataBlockReader.java:145)
	at org.apache.iotdb.db.engine.compaction.reader.SeriesDataBlockReader.readChunkData(SeriesDataBlockReader.java:136)
	at org.apache.iotdb.db.engine.compaction.reader.SeriesDataBlockReader.hasNextBatch(SeriesDataBlockReader.java:112)
	at org.apache.iotdb.db.engine.compaction.cross.rewrite.task.ReadPointPerformerSubTask.call(ReadPointPerformerSubTask.java:87)
	at org.apache.iotdb.db.engine.compaction.cross.rewrite.task.ReadPointPerformerSubTask.call(ReadPointPerformerSubTask.java:44)
	at java.base/java.util.concurrent.FutureTask.run(FutureTask.java:264)
	at java.base/java.util.concurrent.ThreadPoolExecutor.runWorker(ThreadPoolExecutor.java:1128)
	at java.base/java.util.concurrent.ThreadPoolExecutor$Worker.run(ThreadPoolExecutor.java:628)
	at java.base/java.lang.Thread.run(Thread.java:829)
2025-11-26 10:23:22,420 [pool-18-IoTDB-Compaction-3] ERROR o.a.i.d.e.c.i.InnerSpaceCompactionTask:265 - root.test-45 [Compaction] Meet errors in inner space compaction. 
java.util.concurrent.ExecutionException: java.lang.StringIndexOutOfBoundsException: String index out of range: 0
	at java.base/java.util.concurrent.FutureTask.report(FutureTask.java:122)
	at java.base/java.util.concurrent.FutureTask.get(FutureTask.java:191)
	at org.apache.iotdb.db.engine.compaction.performer.impl.ReadPointCompactionPerformer.compactNonAlignedSeries(ReadPointCompactionPerformer.java:221)
	at org.apache.iotdb.db.engine.compaction.performer.impl.ReadPointCompactionPerformer.perform(ReadPointCompactionPerformer.java:121)
	at org.apache.iotdb.db.engine.compaction.inner.InnerSpaceCompactionTask.doCompaction(InnerSpaceCompactionTask.java:148)
	at org.apache.iotdb.db.engine.compaction.task.AbstractCompactionTask.start(AbstractCompactionTask.java:76)
	at org.apache.iotdb.db.engine.compaction.CompactionWorker.run(CompactionWorker.java:66)
	at java.base/java.util.concurrent.Executors$RunnableAdapter.call(Executors.java:515)
	at java.base/java.util.concurrent.FutureTask.run(FutureTask.java:264)
	at java.base/java.util.concurrent.ThreadPoolExecutor.runWorker(ThreadPoolExecutor.java:1128)
	at java.base/java.util.concurrent.ThreadPoolExecutor$Worker.run(ThreadPoolExecutor.java:628)
	at java.base/java.lang.Thread.run(Thread.java:829)
Caused by: java.lang.StringIndexOutOfBoundsException: String index out of range: 0
	at java.base/java.lang.StringLatin1.charAt(StringLatin1.java:47)
	at java.base/java.lang.String.charAt(String.java:693)
	at org.apache.iotdb.tsfile.encoding.decoder.IntRAKEDecoder.readInt(IntRAKEDecoder.java:31)
	at org.apache.iotdb.tsfile.read.reader.page.PageReader.getAllSatisfiedData(PageReader.java:182)
	at org.apache.iotdb.db.mpp.execution.operator.source.SeriesScanUtil$VersionPageReader.getAllSatisfiedPageData(SeriesScanUtil.java:1127)
	at org.apache.iotdb.db.mpp.execution.operator.source.SeriesScanUtil.nextPage(SeriesScanUtil.java:632)
	at org.apache.iotdb.db.engine.compaction.reader.SeriesDataBlockReader.readPageData(SeriesDataBlockReader.java:145)
	at org.apache.iotdb.db.engine.compaction.reader.SeriesDataBlockReader.readChunkData(SeriesDataBlockReader.java:136)
	at org.apache.iotdb.db.engine.compaction.reader.SeriesDataBlockReader.hasNextBatch(SeriesDataBlockReader.java:112)
	at org.apache.iotdb.db.engine.compaction.cross.rewrite.task.ReadPointPerformerSubTask.call(ReadPointPerformerSubTask.java:87)
	at org.apache.iotdb.db.engine.compaction.cross.rewrite.task.ReadPointPerformerSubTask.call(ReadPointPerformerSubTask.java:44)
	... 4 common frames omitted
2025-11-26 10:24:22,422 [pool-19-IoTDB-Sub-Compaction-22] ERROR o.a.i.c.c.t.WrappedThreadPoolExecutor:104 - Exception in thread pool org.apache.iotdb.threadpool:type=Sub-Compaction 
java.lang.StringIndexOutOfBoundsException: String index out of range: 0
	at java.base/java.lang.StringLatin1.charAt(StringLatin1.java:47)
	at java.base/java.lang.String.charAt(String.java:693)
	at org.apache.iotdb.tsfile.encoding.decoder.IntRAKEDecoder.readInt(IntRAKEDecoder.java:31)
	at org.apache.iotdb.tsfile.read.reader.page.PageReader.getAllSatisfiedData(PageReader.java:182)
	at org.apache.iotdb.db.mpp.execution.operator.source.SeriesScanUtil$VersionPageReader.getAllSatisfiedPageData(SeriesScanUtil.java:1127)
	at org.apache.iotdb.db.mpp.execution.operator.source.SeriesScanUtil.nextPage(SeriesScanUtil.java:632)
	at org.apache.iotdb.db.engine.compaction.reader.SeriesDataBlockReader.readPageData(SeriesDataBlockReader.java:145)
	at org.apache.iotdb.db.engine.compaction.reader.SeriesDataBlockReader.readChunkData(SeriesDataBlockReader.java:136)
	at org.apache.iotdb.db.engine.compaction.reader.SeriesDataBlockReader.hasNextBatch(SeriesDataBlockReader.java:112)
	at org.apache.iotdb.db.engine.compaction.cross.rewrite.task.ReadPointPerformerSubTask.call(ReadPointPerformerSubTask.java:87)
	at org.apache.iotdb.db.engine.compaction.cross.rewrite.task.ReadPointPerformerSubTask.call(ReadPointPerformerSubTask.java:44)
	at java.base/java.util.concurrent.FutureTask.run(FutureTask.java:264)
	at java.base/java.util.concurrent.ThreadPoolExecutor.runWorker(ThreadPoolExecutor.java:1128)
	at java.base/java.util.concurrent.ThreadPoolExecutor$Worker.run(ThreadPoolExecutor.java:628)
	at java.base/java.lang.Thread.run(Thread.java:829)
2025-11-26 10:24:22,422 [pool-18-IoTDB-Compaction-10] ERROR o.a.i.d.e.c.i.InnerSpaceCompactionTask:265 - root.test-45 [Compaction] Meet errors in inner space compaction. 
java.util.concurrent.ExecutionException: java.lang.StringIndexOutOfBoundsException: String index out of range: 0
	at java.base/java.util.concurrent.FutureTask.report(FutureTask.java:122)
	at java.base/java.util.concurrent.FutureTask.get(FutureTask.java:191)
	at org.apache.iotdb.db.engine.compaction.performer.impl.ReadPointCompactionPerformer.compactNonAlignedSeries(ReadPointCompactionPerformer.java:221)
	at org.apache.iotdb.db.engine.compaction.performer.impl.ReadPointCompactionPerformer.perform(ReadPointCompactionPerformer.java:121)
	at org.apache.iotdb.db.engine.compaction.inner.InnerSpaceCompactionTask.doCompaction(InnerSpaceCompactionTask.java:148)
	at org.apache.iotdb.db.engine.compaction.task.AbstractCompactionTask.start(AbstractCompactionTask.java:76)
	at org.apache.iotdb.db.engine.compaction.CompactionWorker.run(CompactionWorker.java:66)
	at java.base/java.util.concurrent.Executors$RunnableAdapter.call(Executors.java:515)
	at java.base/java.util.concurrent.FutureTask.run(FutureTask.java:264)
	at java.base/java.util.concurrent.ThreadPoolExecutor.runWorker(ThreadPoolExecutor.java:1128)
	at java.base/java.util.concurrent.ThreadPoolExecutor$Worker.run(ThreadPoolExecutor.java:628)
	at java.base/java.lang.Thread.run(Thread.java:829)
Caused by: java.lang.StringIndexOutOfBoundsException: String index out of range: 0
	at java.base/java.lang.StringLatin1.charAt(StringLatin1.java:47)
	at java.base/java.lang.String.charAt(String.java:693)
	at org.apache.iotdb.tsfile.encoding.decoder.IntRAKEDecoder.readInt(IntRAKEDecoder.java:31)
	at org.apache.iotdb.tsfile.read.reader.page.PageReader.getAllSatisfiedData(PageReader.java:182)
	at org.apache.iotdb.db.mpp.execution.operator.source.SeriesScanUtil$VersionPageReader.getAllSatisfiedPageData(SeriesScanUtil.java:1127)
	at org.apache.iotdb.db.mpp.execution.operator.source.SeriesScanUtil.nextPage(SeriesScanUtil.java:632)
	at org.apache.iotdb.db.engine.compaction.reader.SeriesDataBlockReader.readPageData(SeriesDataBlockReader.java:145)
	at org.apache.iotdb.db.engine.compaction.reader.SeriesDataBlockReader.readChunkData(SeriesDataBlockReader.java:136)
	at org.apache.iotdb.db.engine.compaction.reader.SeriesDataBlockReader.hasNextBatch(SeriesDataBlockReader.java:112)
	at org.apache.iotdb.db.engine.compaction.cross.rewrite.task.ReadPointPerformerSubTask.call(ReadPointPerformerSubTask.java:87)
	at org.apache.iotdb.db.engine.compaction.cross.rewrite.task.ReadPointPerformerSubTask.call(ReadPointPerformerSubTask.java:44)
	... 4 common frames omitted
2025-11-26 10:25:22,425 [pool-19-IoTDB-Sub-Compaction-40] ERROR o.a.i.c.c.t.WrappedThreadPoolExecutor:104 - Exception in thread pool org.apache.iotdb.threadpool:type=Sub-Compaction 
java.lang.StringIndexOutOfBoundsException: String index out of range: 0
	at java.base/java.lang.StringLatin1.charAt(StringLatin1.java:47)
	at java.base/java.lang.String.charAt(String.java:693)
	at org.apache.iotdb.tsfile.encoding.decoder.IntRAKEDecoder.readInt(IntRAKEDecoder.java:31)
	at org.apache.iotdb.tsfile.read.reader.page.PageReader.getAllSatisfiedData(PageReader.java:182)
	at org.apache.iotdb.db.mpp.execution.operator.source.SeriesScanUtil$VersionPageReader.getAllSatisfiedPageData(SeriesScanUtil.java:1127)
	at org.apache.iotdb.db.mpp.execution.operator.source.SeriesScanUtil.nextPage(SeriesScanUtil.java:632)
	at org.apache.iotdb.db.engine.compaction.reader.SeriesDataBlockReader.readPageData(SeriesDataBlockReader.java:145)
	at org.apache.iotdb.db.engine.compaction.reader.SeriesDataBlockReader.readChunkData(SeriesDataBlockReader.java:136)
	at org.apache.iotdb.db.engine.compaction.reader.SeriesDataBlockReader.hasNextBatch(SeriesDataBlockReader.java:112)
	at org.apache.iotdb.db.engine.compaction.cross.rewrite.task.ReadPointPerformerSubTask.call(ReadPointPerformerSubTask.java:87)
	at org.apache.iotdb.db.engine.compaction.cross.rewrite.task.ReadPointPerformerSubTask.call(ReadPointPerformerSubTask.java:44)
	at java.base/java.util.concurrent.FutureTask.run(FutureTask.java:264)
	at java.base/java.util.concurrent.ThreadPoolExecutor.runWorker(ThreadPoolExecutor.java:1128)
	at java.base/java.util.concurrent.ThreadPoolExecutor$Worker.run(ThreadPoolExecutor.java:628)
	at java.base/java.lang.Thread.run(Thread.java:829)
2025-11-26 10:25:22,426 [pool-18-IoTDB-Compaction-7] ERROR o.a.i.d.e.c.i.InnerSpaceCompactionTask:265 - root.test-45 [Compaction] Meet errors in inner space compaction. 
java.util.concurrent.ExecutionException: java.lang.StringIndexOutOfBoundsException: String index out of range: 0
	at java.base/java.util.concurrent.FutureTask.report(FutureTask.java:122)
	at java.base/java.util.concurrent.FutureTask.get(FutureTask.java:191)
	at org.apache.iotdb.db.engine.compaction.performer.impl.ReadPointCompactionPerformer.compactNonAlignedSeries(ReadPointCompactionPerformer.java:221)
	at org.apache.iotdb.db.engine.compaction.performer.impl.ReadPointCompactionPerformer.perform(ReadPointCompactionPerformer.java:121)
	at org.apache.iotdb.db.engine.compaction.inner.InnerSpaceCompactionTask.doCompaction(InnerSpaceCompactionTask.java:148)
	at org.apache.iotdb.db.engine.compaction.task.AbstractCompactionTask.start(AbstractCompactionTask.java:76)
	at org.apache.iotdb.db.engine.compaction.CompactionWorker.run(CompactionWorker.java:66)
	at java.base/java.util.concurrent.Executors$RunnableAdapter.call(Executors.java:515)
	at java.base/java.util.concurrent.FutureTask.run(FutureTask.java:264)
	at java.base/java.util.concurrent.ThreadPoolExecutor.runWorker(ThreadPoolExecutor.java:1128)
	at java.base/java.util.concurrent.ThreadPoolExecutor$Worker.run(ThreadPoolExecutor.java:628)
	at java.base/java.lang.Thread.run(Thread.java:829)
Caused by: java.lang.StringIndexOutOfBoundsException: String index out of range: 0
	at java.base/java.lang.StringLatin1.charAt(StringLatin1.java:47)
	at java.base/java.lang.String.charAt(String.java:693)
	at org.apache.iotdb.tsfile.encoding.decoder.IntRAKEDecoder.readInt(IntRAKEDecoder.java:31)
	at org.apache.iotdb.tsfile.read.reader.page.PageReader.getAllSatisfiedData(PageReader.java:182)
	at org.apache.iotdb.db.mpp.execution.operator.source.SeriesScanUtil$VersionPageReader.getAllSatisfiedPageData(SeriesScanUtil.java:1127)
	at org.apache.iotdb.db.mpp.execution.operator.source.SeriesScanUtil.nextPage(SeriesScanUtil.java:632)
	at org.apache.iotdb.db.engine.compaction.reader.SeriesDataBlockReader.readPageData(SeriesDataBlockReader.java:145)
	at org.apache.iotdb.db.engine.compaction.reader.SeriesDataBlockReader.readChunkData(SeriesDataBlockReader.java:136)
	at org.apache.iotdb.db.engine.compaction.reader.SeriesDataBlockReader.hasNextBatch(SeriesDataBlockReader.java:112)
	at org.apache.iotdb.db.engine.compaction.cross.rewrite.task.ReadPointPerformerSubTask.call(ReadPointPerformerSubTask.java:87)
	at org.apache.iotdb.db.engine.compaction.cross.rewrite.task.ReadPointPerformerSubTask.call(ReadPointPerformerSubTask.java:44)
	... 4 common frames omitted
2025-11-26 10:26:22,432 [pool-19-IoTDB-Sub-Compaction-28] ERROR o.a.i.c.c.t.WrappedThreadPoolExecutor:104 - Exception in thread pool org.apache.iotdb.threadpool:type=Sub-Compaction 
java.lang.StringIndexOutOfBoundsException: String index out of range: 0
	at java.base/java.lang.StringLatin1.charAt(StringLatin1.java:47)
	at java.base/java.lang.String.charAt(String.java:693)
	at org.apache.iotdb.tsfile.encoding.decoder.IntRAKEDecoder.readInt(IntRAKEDecoder.java:31)
	at org.apache.iotdb.tsfile.read.reader.page.PageReader.getAllSatisfiedData(PageReader.java:182)
	at org.apache.iotdb.db.mpp.execution.operator.source.SeriesScanUtil$VersionPageReader.getAllSatisfiedPageData(SeriesScanUtil.java:1127)
	at org.apache.iotdb.db.mpp.execution.operator.source.SeriesScanUtil.nextPage(SeriesScanUtil.java:632)
	at org.apache.iotdb.db.engine.compaction.reader.SeriesDataBlockReader.readPageData(SeriesDataBlockReader.java:145)
	at org.apache.iotdb.db.engine.compaction.reader.SeriesDataBlockReader.readChunkData(SeriesDataBlockReader.java:136)
	at org.apache.iotdb.db.engine.compaction.reader.SeriesDataBlockReader.hasNextBatch(SeriesDataBlockReader.java:112)
	at org.apache.iotdb.db.engine.compaction.cross.rewrite.task.ReadPointPerformerSubTask.call(ReadPointPerformerSubTask.java:87)
	at org.apache.iotdb.db.engine.compaction.cross.rewrite.task.ReadPointPerformerSubTask.call(ReadPointPerformerSubTask.java:44)
	at java.base/java.util.concurrent.FutureTask.run(FutureTask.java:264)
	at java.base/java.util.concurrent.ThreadPoolExecutor.runWorker(ThreadPoolExecutor.java:1128)
	at java.base/java.util.concurrent.ThreadPoolExecutor$Worker.run(ThreadPoolExecutor.java:628)
	at java.base/java.lang.Thread.run(Thread.java:829)
2025-11-26 10:26:22,432 [pool-18-IoTDB-Compaction-2] ERROR o.a.i.d.e.c.i.InnerSpaceCompactionTask:265 - root.test-45 [Compaction] Meet errors in inner space compaction. 
java.util.concurrent.ExecutionException: java.lang.StringIndexOutOfBoundsException: String index out of range: 0
	at java.base/java.util.concurrent.FutureTask.report(FutureTask.java:122)
	at java.base/java.util.concurrent.FutureTask.get(FutureTask.java:191)
	at org.apache.iotdb.db.engine.compaction.performer.impl.ReadPointCompactionPerformer.compactNonAlignedSeries(ReadPointCompactionPerformer.java:221)
	at org.apache.iotdb.db.engine.compaction.performer.impl.ReadPointCompactionPerformer.perform(ReadPointCompactionPerformer.java:121)
	at org.apache.iotdb.db.engine.compaction.inner.InnerSpaceCompactionTask.doCompaction(InnerSpaceCompactionTask.java:148)
	at org.apache.iotdb.db.engine.compaction.task.AbstractCompactionTask.start(AbstractCompactionTask.java:76)
	at org.apache.iotdb.db.engine.compaction.CompactionWorker.run(CompactionWorker.java:66)
	at java.base/java.util.concurrent.Executors$RunnableAdapter.call(Executors.java:515)
	at java.base/java.util.concurrent.FutureTask.run(FutureTask.java:264)
	at java.base/java.util.concurrent.ThreadPoolExecutor.runWorker(ThreadPoolExecutor.java:1128)
	at java.base/java.util.concurrent.ThreadPoolExecutor$Worker.run(ThreadPoolExecutor.java:628)
	at java.base/java.lang.Thread.run(Thread.java:829)
Caused by: java.lang.StringIndexOutOfBoundsException: String index out of range: 0
	at java.base/java.lang.StringLatin1.charAt(StringLatin1.java:47)
	at java.base/java.lang.String.charAt(String.java:693)
	at org.apache.iotdb.tsfile.encoding.decoder.IntRAKEDecoder.readInt(IntRAKEDecoder.java:31)
	at org.apache.iotdb.tsfile.read.reader.page.PageReader.getAllSatisfiedData(PageReader.java:182)
	at org.apache.iotdb.db.mpp.execution.operator.source.SeriesScanUtil$VersionPageReader.getAllSatisfiedPageData(SeriesScanUtil.java:1127)
	at org.apache.iotdb.db.mpp.execution.operator.source.SeriesScanUtil.nextPage(SeriesScanUtil.java:632)
	at org.apache.iotdb.db.engine.compaction.reader.SeriesDataBlockReader.readPageData(SeriesDataBlockReader.java:145)
	at org.apache.iotdb.db.engine.compaction.reader.SeriesDataBlockReader.readChunkData(SeriesDataBlockReader.java:136)
	at org.apache.iotdb.db.engine.compaction.reader.SeriesDataBlockReader.hasNextBatch(SeriesDataBlockReader.java:112)
	at org.apache.iotdb.db.engine.compaction.cross.rewrite.task.ReadPointPerformerSubTask.call(ReadPointPerformerSubTask.java:87)
	at org.apache.iotdb.db.engine.compaction.cross.rewrite.task.ReadPointPerformerSubTask.call(ReadPointPerformerSubTask.java:44)
	... 4 common frames omitted
2025-11-26 10:27:22,437 [pool-19-IoTDB-Sub-Compaction-23] ERROR o.a.i.c.c.t.WrappedThreadPoolExecutor:104 - Exception in thread pool org.apache.iotdb.threadpool:type=Sub-Compaction 
java.lang.StringIndexOutOfBoundsException: String index out of range: 0
	at java.base/java.lang.StringLatin1.charAt(StringLatin1.java:47)
	at java.base/java.lang.String.charAt(String.java:693)
	at org.apache.iotdb.tsfile.encoding.decoder.IntRAKEDecoder.readInt(IntRAKEDecoder.java:31)
	at org.apache.iotdb.tsfile.read.reader.page.PageReader.getAllSatisfiedData(PageReader.java:182)
	at org.apache.iotdb.db.mpp.execution.operator.source.SeriesScanUtil$VersionPageReader.getAllSatisfiedPageData(SeriesScanUtil.java:1127)
	at org.apache.iotdb.db.mpp.execution.operator.source.SeriesScanUtil.nextPage(SeriesScanUtil.java:632)
	at org.apache.iotdb.db.engine.compaction.reader.SeriesDataBlockReader.readPageData(SeriesDataBlockReader.java:145)
	at org.apache.iotdb.db.engine.compaction.reader.SeriesDataBlockReader.readChunkData(SeriesDataBlockReader.java:136)
	at org.apache.iotdb.db.engine.compaction.reader.SeriesDataBlockReader.hasNextBatch(SeriesDataBlockReader.java:112)
	at org.apache.iotdb.db.engine.compaction.cross.rewrite.task.ReadPointPerformerSubTask.call(ReadPointPerformerSubTask.java:87)
	at org.apache.iotdb.db.engine.compaction.cross.rewrite.task.ReadPointPerformerSubTask.call(ReadPointPerformerSubTask.java:44)
	at java.base/java.util.concurrent.FutureTask.run(FutureTask.java:264)
	at java.base/java.util.concurrent.ThreadPoolExecutor.runWorker(ThreadPoolExecutor.java:1128)
	at java.base/java.util.concurrent.ThreadPoolExecutor$Worker.run(ThreadPoolExecutor.java:628)
	at java.base/java.lang.Thread.run(Thread.java:829)
2025-11-26 10:27:22,438 [pool-18-IoTDB-Compaction-1] ERROR o.a.i.d.e.c.i.InnerSpaceCompactionTask:265 - root.test-45 [Compaction] Meet errors in inner space compaction. 
java.util.concurrent.ExecutionException: java.lang.StringIndexOutOfBoundsException: String index out of range: 0
	at java.base/java.util.concurrent.FutureTask.report(FutureTask.java:122)
	at java.base/java.util.concurrent.FutureTask.get(FutureTask.java:191)
	at org.apache.iotdb.db.engine.compaction.performer.impl.ReadPointCompactionPerformer.compactNonAlignedSeries(ReadPointCompactionPerformer.java:221)
	at org.apache.iotdb.db.engine.compaction.performer.impl.ReadPointCompactionPerformer.perform(ReadPointCompactionPerformer.java:121)
	at org.apache.iotdb.db.engine.compaction.inner.InnerSpaceCompactionTask.doCompaction(InnerSpaceCompactionTask.java:148)
	at org.apache.iotdb.db.engine.compaction.task.AbstractCompactionTask.start(AbstractCompactionTask.java:76)
	at org.apache.iotdb.db.engine.compaction.CompactionWorker.run(CompactionWorker.java:66)
	at java.base/java.util.concurrent.Executors$RunnableAdapter.call(Executors.java:515)
	at java.base/java.util.concurrent.FutureTask.run(FutureTask.java:264)
	at java.base/java.util.concurrent.ThreadPoolExecutor.runWorker(ThreadPoolExecutor.java:1128)
	at java.base/java.util.concurrent.ThreadPoolExecutor$Worker.run(ThreadPoolExecutor.java:628)
	at java.base/java.lang.Thread.run(Thread.java:829)
Caused by: java.lang.StringIndexOutOfBoundsException: String index out of range: 0
	at java.base/java.lang.StringLatin1.charAt(StringLatin1.java:47)
	at java.base/java.lang.String.charAt(String.java:693)
	at org.apache.iotdb.tsfile.encoding.decoder.IntRAKEDecoder.readInt(IntRAKEDecoder.java:31)
	at org.apache.iotdb.tsfile.read.reader.page.PageReader.getAllSatisfiedData(PageReader.java:182)
	at org.apache.iotdb.db.mpp.execution.operator.source.SeriesScanUtil$VersionPageReader.getAllSatisfiedPageData(SeriesScanUtil.java:1127)
	at org.apache.iotdb.db.mpp.execution.operator.source.SeriesScanUtil.nextPage(SeriesScanUtil.java:632)
	at org.apache.iotdb.db.engine.compaction.reader.SeriesDataBlockReader.readPageData(SeriesDataBlockReader.java:145)
	at org.apache.iotdb.db.engine.compaction.reader.SeriesDataBlockReader.readChunkData(SeriesDataBlockReader.java:136)
	at org.apache.iotdb.db.engine.compaction.reader.SeriesDataBlockReader.hasNextBatch(SeriesDataBlockReader.java:112)
	at org.apache.iotdb.db.engine.compaction.cross.rewrite.task.ReadPointPerformerSubTask.call(ReadPointPerformerSubTask.java:87)
	at org.apache.iotdb.db.engine.compaction.cross.rewrite.task.ReadPointPerformerSubTask.call(ReadPointPerformerSubTask.java:44)
	... 4 common frames omitted
2025-11-26 10:28:22,438 [pool-19-IoTDB-Sub-Compaction-27] ERROR o.a.i.c.c.t.WrappedThreadPoolExecutor:104 - Exception in thread pool org.apache.iotdb.threadpool:type=Sub-Compaction 
java.lang.StringIndexOutOfBoundsException: String index out of range: 0
	at java.base/java.lang.StringLatin1.charAt(StringLatin1.java:47)
	at java.base/java.lang.String.charAt(String.java:693)
	at org.apache.iotdb.tsfile.encoding.decoder.IntRAKEDecoder.readInt(IntRAKEDecoder.java:31)
	at org.apache.iotdb.tsfile.read.reader.page.PageReader.getAllSatisfiedData(PageReader.java:182)
	at org.apache.iotdb.db.mpp.execution.operator.source.SeriesScanUtil$VersionPageReader.getAllSatisfiedPageData(SeriesScanUtil.java:1127)
	at org.apache.iotdb.db.mpp.execution.operator.source.SeriesScanUtil.nextPage(SeriesScanUtil.java:632)
	at org.apache.iotdb.db.engine.compaction.reader.SeriesDataBlockReader.readPageData(SeriesDataBlockReader.java:145)
	at org.apache.iotdb.db.engine.compaction.reader.SeriesDataBlockReader.readChunkData(SeriesDataBlockReader.java:136)
	at org.apache.iotdb.db.engine.compaction.reader.SeriesDataBlockReader.hasNextBatch(SeriesDataBlockReader.java:112)
	at org.apache.iotdb.db.engine.compaction.cross.rewrite.task.ReadPointPerformerSubTask.call(ReadPointPerformerSubTask.java:87)
	at org.apache.iotdb.db.engine.compaction.cross.rewrite.task.ReadPointPerformerSubTask.call(ReadPointPerformerSubTask.java:44)
	at java.base/java.util.concurrent.FutureTask.run(FutureTask.java:264)
	at java.base/java.util.concurrent.ThreadPoolExecutor.runWorker(ThreadPoolExecutor.java:1128)
	at java.base/java.util.concurrent.ThreadPoolExecutor$Worker.run(ThreadPoolExecutor.java:628)
	at java.base/java.lang.Thread.run(Thread.java:829)
2025-11-26 10:28:22,439 [pool-18-IoTDB-Compaction-4] ERROR o.a.i.d.e.c.i.InnerSpaceCompactionTask:265 - root.test-45 [Compaction] Meet errors in inner space compaction. 
java.util.concurrent.ExecutionException: java.lang.StringIndexOutOfBoundsException: String index out of range: 0
	at java.base/java.util.concurrent.FutureTask.report(FutureTask.java:122)
	at java.base/java.util.concurrent.FutureTask.get(FutureTask.java:191)
	at org.apache.iotdb.db.engine.compaction.performer.impl.ReadPointCompactionPerformer.compactNonAlignedSeries(ReadPointCompactionPerformer.java:221)
	at org.apache.iotdb.db.engine.compaction.performer.impl.ReadPointCompactionPerformer.perform(ReadPointCompactionPerformer.java:121)
	at org.apache.iotdb.db.engine.compaction.inner.InnerSpaceCompactionTask.doCompaction(InnerSpaceCompactionTask.java:148)
	at org.apache.iotdb.db.engine.compaction.task.AbstractCompactionTask.start(AbstractCompactionTask.java:76)
	at org.apache.iotdb.db.engine.compaction.CompactionWorker.run(CompactionWorker.java:66)
	at java.base/java.util.concurrent.Executors$RunnableAdapter.call(Executors.java:515)
	at java.base/java.util.concurrent.FutureTask.run(FutureTask.java:264)
	at java.base/java.util.concurrent.ThreadPoolExecutor.runWorker(ThreadPoolExecutor.java:1128)
	at java.base/java.util.concurrent.ThreadPoolExecutor$Worker.run(ThreadPoolExecutor.java:628)
	at java.base/java.lang.Thread.run(Thread.java:829)
Caused by: java.lang.StringIndexOutOfBoundsException: String index out of range: 0
	at java.base/java.lang.StringLatin1.charAt(StringLatin1.java:47)
	at java.base/java.lang.String.charAt(String.java:693)
	at org.apache.iotdb.tsfile.encoding.decoder.IntRAKEDecoder.readInt(IntRAKEDecoder.java:31)
	at org.apache.iotdb.tsfile.read.reader.page.PageReader.getAllSatisfiedData(PageReader.java:182)
	at org.apache.iotdb.db.mpp.execution.operator.source.SeriesScanUtil$VersionPageReader.getAllSatisfiedPageData(SeriesScanUtil.java:1127)
	at org.apache.iotdb.db.mpp.execution.operator.source.SeriesScanUtil.nextPage(SeriesScanUtil.java:632)
	at org.apache.iotdb.db.engine.compaction.reader.SeriesDataBlockReader.readPageData(SeriesDataBlockReader.java:145)
	at org.apache.iotdb.db.engine.compaction.reader.SeriesDataBlockReader.readChunkData(SeriesDataBlockReader.java:136)
	at org.apache.iotdb.db.engine.compaction.reader.SeriesDataBlockReader.hasNextBatch(SeriesDataBlockReader.java:112)
	at org.apache.iotdb.db.engine.compaction.cross.rewrite.task.ReadPointPerformerSubTask.call(ReadPointPerformerSubTask.java:87)
	at org.apache.iotdb.db.engine.compaction.cross.rewrite.task.ReadPointPerformerSubTask.call(ReadPointPerformerSubTask.java:44)
	... 4 common frames omitted
2025-11-26 10:29:22,443 [pool-19-IoTDB-Sub-Compaction-33] ERROR o.a.i.c.c.t.WrappedThreadPoolExecutor:104 - Exception in thread pool org.apache.iotdb.threadpool:type=Sub-Compaction 
java.lang.StringIndexOutOfBoundsException: String index out of range: 0
	at java.base/java.lang.StringLatin1.charAt(StringLatin1.java:47)
	at java.base/java.lang.String.charAt(String.java:693)
	at org.apache.iotdb.tsfile.encoding.decoder.IntRAKEDecoder.readInt(IntRAKEDecoder.java:31)
	at org.apache.iotdb.tsfile.read.reader.page.PageReader.getAllSatisfiedData(PageReader.java:182)
	at org.apache.iotdb.db.mpp.execution.operator.source.SeriesScanUtil$VersionPageReader.getAllSatisfiedPageData(SeriesScanUtil.java:1127)
	at org.apache.iotdb.db.mpp.execution.operator.source.SeriesScanUtil.nextPage(SeriesScanUtil.java:632)
	at org.apache.iotdb.db.engine.compaction.reader.SeriesDataBlockReader.readPageData(SeriesDataBlockReader.java:145)
	at org.apache.iotdb.db.engine.compaction.reader.SeriesDataBlockReader.readChunkData(SeriesDataBlockReader.java:136)
	at org.apache.iotdb.db.engine.compaction.reader.SeriesDataBlockReader.hasNextBatch(SeriesDataBlockReader.java:112)
	at org.apache.iotdb.db.engine.compaction.cross.rewrite.task.ReadPointPerformerSubTask.call(ReadPointPerformerSubTask.java:87)
	at org.apache.iotdb.db.engine.compaction.cross.rewrite.task.ReadPointPerformerSubTask.call(ReadPointPerformerSubTask.java:44)
	at java.base/java.util.concurrent.FutureTask.run(FutureTask.java:264)
	at java.base/java.util.concurrent.ThreadPoolExecutor.runWorker(ThreadPoolExecutor.java:1128)
	at java.base/java.util.concurrent.ThreadPoolExecutor$Worker.run(ThreadPoolExecutor.java:628)
	at java.base/java.lang.Thread.run(Thread.java:829)
2025-11-26 10:29:22,444 [pool-18-IoTDB-Compaction-9] ERROR o.a.i.d.e.c.i.InnerSpaceCompactionTask:265 - root.test-45 [Compaction] Meet errors in inner space compaction. 
java.util.concurrent.ExecutionException: java.lang.StringIndexOutOfBoundsException: String index out of range: 0
	at java.base/java.util.concurrent.FutureTask.report(FutureTask.java:122)
	at java.base/java.util.concurrent.FutureTask.get(FutureTask.java:191)
	at org.apache.iotdb.db.engine.compaction.performer.impl.ReadPointCompactionPerformer.compactNonAlignedSeries(ReadPointCompactionPerformer.java:221)
	at org.apache.iotdb.db.engine.compaction.performer.impl.ReadPointCompactionPerformer.perform(ReadPointCompactionPerformer.java:121)
	at org.apache.iotdb.db.engine.compaction.inner.InnerSpaceCompactionTask.doCompaction(InnerSpaceCompactionTask.java:148)
	at org.apache.iotdb.db.engine.compaction.task.AbstractCompactionTask.start(AbstractCompactionTask.java:76)
	at org.apache.iotdb.db.engine.compaction.CompactionWorker.run(CompactionWorker.java:66)
	at java.base/java.util.concurrent.Executors$RunnableAdapter.call(Executors.java:515)
	at java.base/java.util.concurrent.FutureTask.run(FutureTask.java:264)
	at java.base/java.util.concurrent.ThreadPoolExecutor.runWorker(ThreadPoolExecutor.java:1128)
	at java.base/java.util.concurrent.ThreadPoolExecutor$Worker.run(ThreadPoolExecutor.java:628)
	at java.base/java.lang.Thread.run(Thread.java:829)
Caused by: java.lang.StringIndexOutOfBoundsException: String index out of range: 0
	at java.base/java.lang.StringLatin1.charAt(StringLatin1.java:47)
	at java.base/java.lang.String.charAt(String.java:693)
	at org.apache.iotdb.tsfile.encoding.decoder.IntRAKEDecoder.readInt(IntRAKEDecoder.java:31)
	at org.apache.iotdb.tsfile.read.reader.page.PageReader.getAllSatisfiedData(PageReader.java:182)
	at org.apache.iotdb.db.mpp.execution.operator.source.SeriesScanUtil$VersionPageReader.getAllSatisfiedPageData(SeriesScanUtil.java:1127)
	at org.apache.iotdb.db.mpp.execution.operator.source.SeriesScanUtil.nextPage(SeriesScanUtil.java:632)
	at org.apache.iotdb.db.engine.compaction.reader.SeriesDataBlockReader.readPageData(SeriesDataBlockReader.java:145)
	at org.apache.iotdb.db.engine.compaction.reader.SeriesDataBlockReader.readChunkData(SeriesDataBlockReader.java:136)
	at org.apache.iotdb.db.engine.compaction.reader.SeriesDataBlockReader.hasNextBatch(SeriesDataBlockReader.java:112)
	at org.apache.iotdb.db.engine.compaction.cross.rewrite.task.ReadPointPerformerSubTask.call(ReadPointPerformerSubTask.java:87)
	at org.apache.iotdb.db.engine.compaction.cross.rewrite.task.ReadPointPerformerSubTask.call(ReadPointPerformerSubTask.java:44)
	... 4 common frames omitted
2025-11-26 10:30:22,446 [pool-19-IoTDB-Sub-Compaction-5] ERROR o.a.i.c.c.t.WrappedThreadPoolExecutor:104 - Exception in thread pool org.apache.iotdb.threadpool:type=Sub-Compaction 
java.lang.StringIndexOutOfBoundsException: String index out of range: 0
	at java.base/java.lang.StringLatin1.charAt(StringLatin1.java:47)
	at java.base/java.lang.String.charAt(String.java:693)
	at org.apache.iotdb.tsfile.encoding.decoder.IntRAKEDecoder.readInt(IntRAKEDecoder.java:31)
	at org.apache.iotdb.tsfile.read.reader.page.PageReader.getAllSatisfiedData(PageReader.java:182)
	at org.apache.iotdb.db.mpp.execution.operator.source.SeriesScanUtil$VersionPageReader.getAllSatisfiedPageData(SeriesScanUtil.java:1127)
	at org.apache.iotdb.db.mpp.execution.operator.source.SeriesScanUtil.nextPage(SeriesScanUtil.java:632)
	at org.apache.iotdb.db.engine.compaction.reader.SeriesDataBlockReader.readPageData(SeriesDataBlockReader.java:145)
	at org.apache.iotdb.db.engine.compaction.reader.SeriesDataBlockReader.readChunkData(SeriesDataBlockReader.java:136)
	at org.apache.iotdb.db.engine.compaction.reader.SeriesDataBlockReader.hasNextBatch(SeriesDataBlockReader.java:112)
	at org.apache.iotdb.db.engine.compaction.cross.rewrite.task.ReadPointPerformerSubTask.call(ReadPointPerformerSubTask.java:87)
	at org.apache.iotdb.db.engine.compaction.cross.rewrite.task.ReadPointPerformerSubTask.call(ReadPointPerformerSubTask.java:44)
	at java.base/java.util.concurrent.FutureTask.run(FutureTask.java:264)
	at java.base/java.util.concurrent.ThreadPoolExecutor.runWorker(ThreadPoolExecutor.java:1128)
	at java.base/java.util.concurrent.ThreadPoolExecutor$Worker.run(ThreadPoolExecutor.java:628)
	at java.base/java.lang.Thread.run(Thread.java:829)
2025-11-26 10:30:22,447 [pool-18-IoTDB-Compaction-8] ERROR o.a.i.d.e.c.i.InnerSpaceCompactionTask:265 - root.test-45 [Compaction] Meet errors in inner space compaction. 
java.util.concurrent.ExecutionException: java.lang.StringIndexOutOfBoundsException: String index out of range: 0
	at java.base/java.util.concurrent.FutureTask.report(FutureTask.java:122)
	at java.base/java.util.concurrent.FutureTask.get(FutureTask.java:191)
	at org.apache.iotdb.db.engine.compaction.performer.impl.ReadPointCompactionPerformer.compactNonAlignedSeries(ReadPointCompactionPerformer.java:221)
	at org.apache.iotdb.db.engine.compaction.performer.impl.ReadPointCompactionPerformer.perform(ReadPointCompactionPerformer.java:121)
	at org.apache.iotdb.db.engine.compaction.inner.InnerSpaceCompactionTask.doCompaction(InnerSpaceCompactionTask.java:148)
	at org.apache.iotdb.db.engine.compaction.task.AbstractCompactionTask.start(AbstractCompactionTask.java:76)
	at org.apache.iotdb.db.engine.compaction.CompactionWorker.run(CompactionWorker.java:66)
	at java.base/java.util.concurrent.Executors$RunnableAdapter.call(Executors.java:515)
	at java.base/java.util.concurrent.FutureTask.run(FutureTask.java:264)
	at java.base/java.util.concurrent.ThreadPoolExecutor.runWorker(ThreadPoolExecutor.java:1128)
	at java.base/java.util.concurrent.ThreadPoolExecutor$Worker.run(ThreadPoolExecutor.java:628)
	at java.base/java.lang.Thread.run(Thread.java:829)
Caused by: java.lang.StringIndexOutOfBoundsException: String index out of range: 0
	at java.base/java.lang.StringLatin1.charAt(StringLatin1.java:47)
	at java.base/java.lang.String.charAt(String.java:693)
	at org.apache.iotdb.tsfile.encoding.decoder.IntRAKEDecoder.readInt(IntRAKEDecoder.java:31)
	at org.apache.iotdb.tsfile.read.reader.page.PageReader.getAllSatisfiedData(PageReader.java:182)
	at org.apache.iotdb.db.mpp.execution.operator.source.SeriesScanUtil$VersionPageReader.getAllSatisfiedPageData(SeriesScanUtil.java:1127)
	at org.apache.iotdb.db.mpp.execution.operator.source.SeriesScanUtil.nextPage(SeriesScanUtil.java:632)
	at org.apache.iotdb.db.engine.compaction.reader.SeriesDataBlockReader.readPageData(SeriesDataBlockReader.java:145)
	at org.apache.iotdb.db.engine.compaction.reader.SeriesDataBlockReader.readChunkData(SeriesDataBlockReader.java:136)
	at org.apache.iotdb.db.engine.compaction.reader.SeriesDataBlockReader.hasNextBatch(SeriesDataBlockReader.java:112)
	at org.apache.iotdb.db.engine.compaction.cross.rewrite.task.ReadPointPerformerSubTask.call(ReadPointPerformerSubTask.java:87)
	at org.apache.iotdb.db.engine.compaction.cross.rewrite.task.ReadPointPerformerSubTask.call(ReadPointPerformerSubTask.java:44)
	... 4 common frames omitted
2025-11-26 10:31:22,460 [pool-19-IoTDB-Sub-Compaction-31] ERROR o.a.i.c.c.t.WrappedThreadPoolExecutor:104 - Exception in thread pool org.apache.iotdb.threadpool:type=Sub-Compaction 
java.lang.StringIndexOutOfBoundsException: String index out of range: 0
	at java.base/java.lang.StringLatin1.charAt(StringLatin1.java:47)
	at java.base/java.lang.String.charAt(String.java:693)
	at org.apache.iotdb.tsfile.encoding.decoder.IntRAKEDecoder.readInt(IntRAKEDecoder.java:31)
	at org.apache.iotdb.tsfile.read.reader.page.PageReader.getAllSatisfiedData(PageReader.java:182)
	at org.apache.iotdb.db.mpp.execution.operator.source.SeriesScanUtil$VersionPageReader.getAllSatisfiedPageData(SeriesScanUtil.java:1127)
	at org.apache.iotdb.db.mpp.execution.operator.source.SeriesScanUtil.nextPage(SeriesScanUtil.java:632)
	at org.apache.iotdb.db.engine.compaction.reader.SeriesDataBlockReader.readPageData(SeriesDataBlockReader.java:145)
	at org.apache.iotdb.db.engine.compaction.reader.SeriesDataBlockReader.readChunkData(SeriesDataBlockReader.java:136)
	at org.apache.iotdb.db.engine.compaction.reader.SeriesDataBlockReader.hasNextBatch(SeriesDataBlockReader.java:112)
	at org.apache.iotdb.db.engine.compaction.cross.rewrite.task.ReadPointPerformerSubTask.call(ReadPointPerformerSubTask.java:87)
	at org.apache.iotdb.db.engine.compaction.cross.rewrite.task.ReadPointPerformerSubTask.call(ReadPointPerformerSubTask.java:44)
	at java.base/java.util.concurrent.FutureTask.run(FutureTask.java:264)
	at java.base/java.util.concurrent.ThreadPoolExecutor.runWorker(ThreadPoolExecutor.java:1128)
	at java.base/java.util.concurrent.ThreadPoolExecutor$Worker.run(ThreadPoolExecutor.java:628)
	at java.base/java.lang.Thread.run(Thread.java:829)
2025-11-26 10:31:22,461 [pool-18-IoTDB-Compaction-6] ERROR o.a.i.d.e.c.i.InnerSpaceCompactionTask:265 - root.test-45 [Compaction] Meet errors in inner space compaction. 
java.util.concurrent.ExecutionException: java.lang.StringIndexOutOfBoundsException: String index out of range: 0
	at java.base/java.util.concurrent.FutureTask.report(FutureTask.java:122)
	at java.base/java.util.concurrent.FutureTask.get(FutureTask.java:191)
	at org.apache.iotdb.db.engine.compaction.performer.impl.ReadPointCompactionPerformer.compactNonAlignedSeries(ReadPointCompactionPerformer.java:221)
	at org.apache.iotdb.db.engine.compaction.performer.impl.ReadPointCompactionPerformer.perform(ReadPointCompactionPerformer.java:121)
	at org.apache.iotdb.db.engine.compaction.inner.InnerSpaceCompactionTask.doCompaction(InnerSpaceCompactionTask.java:148)
	at org.apache.iotdb.db.engine.compaction.task.AbstractCompactionTask.start(AbstractCompactionTask.java:76)
	at org.apache.iotdb.db.engine.compaction.CompactionWorker.run(CompactionWorker.java:66)
	at java.base/java.util.concurrent.Executors$RunnableAdapter.call(Executors.java:515)
	at java.base/java.util.concurrent.FutureTask.run(FutureTask.java:264)
	at java.base/java.util.concurrent.ThreadPoolExecutor.runWorker(ThreadPoolExecutor.java:1128)
	at java.base/java.util.concurrent.ThreadPoolExecutor$Worker.run(ThreadPoolExecutor.java:628)
	at java.base/java.lang.Thread.run(Thread.java:829)
Caused by: java.lang.StringIndexOutOfBoundsException: String index out of range: 0
	at java.base/java.lang.StringLatin1.charAt(StringLatin1.java:47)
	at java.base/java.lang.String.charAt(String.java:693)
	at org.apache.iotdb.tsfile.encoding.decoder.IntRAKEDecoder.readInt(IntRAKEDecoder.java:31)
	at org.apache.iotdb.tsfile.read.reader.page.PageReader.getAllSatisfiedData(PageReader.java:182)
	at org.apache.iotdb.db.mpp.execution.operator.source.SeriesScanUtil$VersionPageReader.getAllSatisfiedPageData(SeriesScanUtil.java:1127)
	at org.apache.iotdb.db.mpp.execution.operator.source.SeriesScanUtil.nextPage(SeriesScanUtil.java:632)
	at org.apache.iotdb.db.engine.compaction.reader.SeriesDataBlockReader.readPageData(SeriesDataBlockReader.java:145)
	at org.apache.iotdb.db.engine.compaction.reader.SeriesDataBlockReader.readChunkData(SeriesDataBlockReader.java:136)
	at org.apache.iotdb.db.engine.compaction.reader.SeriesDataBlockReader.hasNextBatch(SeriesDataBlockReader.java:112)
	at org.apache.iotdb.db.engine.compaction.cross.rewrite.task.ReadPointPerformerSubTask.call(ReadPointPerformerSubTask.java:87)
	at org.apache.iotdb.db.engine.compaction.cross.rewrite.task.ReadPointPerformerSubTask.call(ReadPointPerformerSubTask.java:44)
	... 4 common frames omitted
2025-11-26 10:32:22,473 [pool-19-IoTDB-Sub-Compaction-35] ERROR o.a.i.c.c.t.WrappedThreadPoolExecutor:104 - Exception in thread pool org.apache.iotdb.threadpool:type=Sub-Compaction 
java.lang.StringIndexOutOfBoundsException: String index out of range: 0
	at java.base/java.lang.StringLatin1.charAt(StringLatin1.java:47)
	at java.base/java.lang.String.charAt(String.java:693)
	at org.apache.iotdb.tsfile.encoding.decoder.IntRAKEDecoder.readInt(IntRAKEDecoder.java:31)
	at org.apache.iotdb.tsfile.read.reader.page.PageReader.getAllSatisfiedData(PageReader.java:182)
	at org.apache.iotdb.db.mpp.execution.operator.source.SeriesScanUtil$VersionPageReader.getAllSatisfiedPageData(SeriesScanUtil.java:1127)
	at org.apache.iotdb.db.mpp.execution.operator.source.SeriesScanUtil.nextPage(SeriesScanUtil.java:632)
	at org.apache.iotdb.db.engine.compaction.reader.SeriesDataBlockReader.readPageData(SeriesDataBlockReader.java:145)
	at org.apache.iotdb.db.engine.compaction.reader.SeriesDataBlockReader.readChunkData(SeriesDataBlockReader.java:136)
	at org.apache.iotdb.db.engine.compaction.reader.SeriesDataBlockReader.hasNextBatch(SeriesDataBlockReader.java:112)
	at org.apache.iotdb.db.engine.compaction.cross.rewrite.task.ReadPointPerformerSubTask.call(ReadPointPerformerSubTask.java:87)
	at org.apache.iotdb.db.engine.compaction.cross.rewrite.task.ReadPointPerformerSubTask.call(ReadPointPerformerSubTask.java:44)
	at java.base/java.util.concurrent.FutureTask.run(FutureTask.java:264)
	at java.base/java.util.concurrent.ThreadPoolExecutor.runWorker(ThreadPoolExecutor.java:1128)
	at java.base/java.util.concurrent.ThreadPoolExecutor$Worker.run(ThreadPoolExecutor.java:628)
	at java.base/java.lang.Thread.run(Thread.java:829)
2025-11-26 10:32:22,473 [pool-18-IoTDB-Compaction-5] ERROR o.a.i.d.e.c.i.InnerSpaceCompactionTask:265 - root.test-45 [Compaction] Meet errors in inner space compaction. 
java.util.concurrent.ExecutionException: java.lang.StringIndexOutOfBoundsException: String index out of range: 0
	at java.base/java.util.concurrent.FutureTask.report(FutureTask.java:122)
	at java.base/java.util.concurrent.FutureTask.get(FutureTask.java:191)
	at org.apache.iotdb.db.engine.compaction.performer.impl.ReadPointCompactionPerformer.compactNonAlignedSeries(ReadPointCompactionPerformer.java:221)
	at org.apache.iotdb.db.engine.compaction.performer.impl.ReadPointCompactionPerformer.perform(ReadPointCompactionPerformer.java:121)
	at org.apache.iotdb.db.engine.compaction.inner.InnerSpaceCompactionTask.doCompaction(InnerSpaceCompactionTask.java:148)
	at org.apache.iotdb.db.engine.compaction.task.AbstractCompactionTask.start(AbstractCompactionTask.java:76)
	at org.apache.iotdb.db.engine.compaction.CompactionWorker.run(CompactionWorker.java:66)
	at java.base/java.util.concurrent.Executors$RunnableAdapter.call(Executors.java:515)
	at java.base/java.util.concurrent.FutureTask.run(FutureTask.java:264)
	at java.base/java.util.concurrent.ThreadPoolExecutor.runWorker(ThreadPoolExecutor.java:1128)
	at java.base/java.util.concurrent.ThreadPoolExecutor$Worker.run(ThreadPoolExecutor.java:628)
	at java.base/java.lang.Thread.run(Thread.java:829)
Caused by: java.lang.StringIndexOutOfBoundsException: String index out of range: 0
	at java.base/java.lang.StringLatin1.charAt(StringLatin1.java:47)
	at java.base/java.lang.String.charAt(String.java:693)
	at org.apache.iotdb.tsfile.encoding.decoder.IntRAKEDecoder.readInt(IntRAKEDecoder.java:31)
	at org.apache.iotdb.tsfile.read.reader.page.PageReader.getAllSatisfiedData(PageReader.java:182)
	at org.apache.iotdb.db.mpp.execution.operator.source.SeriesScanUtil$VersionPageReader.getAllSatisfiedPageData(SeriesScanUtil.java:1127)
	at org.apache.iotdb.db.mpp.execution.operator.source.SeriesScanUtil.nextPage(SeriesScanUtil.java:632)
	at org.apache.iotdb.db.engine.compaction.reader.SeriesDataBlockReader.readPageData(SeriesDataBlockReader.java:145)
	at org.apache.iotdb.db.engine.compaction.reader.SeriesDataBlockReader.readChunkData(SeriesDataBlockReader.java:136)
	at org.apache.iotdb.db.engine.compaction.reader.SeriesDataBlockReader.hasNextBatch(SeriesDataBlockReader.java:112)
	at org.apache.iotdb.db.engine.compaction.cross.rewrite.task.ReadPointPerformerSubTask.call(ReadPointPerformerSubTask.java:87)
	at org.apache.iotdb.db.engine.compaction.cross.rewrite.task.ReadPointPerformerSubTask.call(ReadPointPerformerSubTask.java:44)
	... 4 common frames omitted
2025-11-26 10:33:22,478 [pool-19-IoTDB-Sub-Compaction-24] ERROR o.a.i.c.c.t.WrappedThreadPoolExecutor:104 - Exception in thread pool org.apache.iotdb.threadpool:type=Sub-Compaction 
java.lang.StringIndexOutOfBoundsException: String index out of range: 0
	at java.base/java.lang.StringLatin1.charAt(StringLatin1.java:47)
	at java.base/java.lang.String.charAt(String.java:693)
	at org.apache.iotdb.tsfile.encoding.decoder.IntRAKEDecoder.readInt(IntRAKEDecoder.java:31)
	at org.apache.iotdb.tsfile.read.reader.page.PageReader.getAllSatisfiedData(PageReader.java:182)
	at org.apache.iotdb.db.mpp.execution.operator.source.SeriesScanUtil$VersionPageReader.getAllSatisfiedPageData(SeriesScanUtil.java:1127)
	at org.apache.iotdb.db.mpp.execution.operator.source.SeriesScanUtil.nextPage(SeriesScanUtil.java:632)
	at org.apache.iotdb.db.engine.compaction.reader.SeriesDataBlockReader.readPageData(SeriesDataBlockReader.java:145)
	at org.apache.iotdb.db.engine.compaction.reader.SeriesDataBlockReader.readChunkData(SeriesDataBlockReader.java:136)
	at org.apache.iotdb.db.engine.compaction.reader.SeriesDataBlockReader.hasNextBatch(SeriesDataBlockReader.java:112)
	at org.apache.iotdb.db.engine.compaction.cross.rewrite.task.ReadPointPerformerSubTask.call(ReadPointPerformerSubTask.java:87)
	at org.apache.iotdb.db.engine.compaction.cross.rewrite.task.ReadPointPerformerSubTask.call(ReadPointPerformerSubTask.java:44)
	at java.base/java.util.concurrent.FutureTask.run(FutureTask.java:264)
	at java.base/java.util.concurrent.ThreadPoolExecutor.runWorker(ThreadPoolExecutor.java:1128)
	at java.base/java.util.concurrent.ThreadPoolExecutor$Worker.run(ThreadPoolExecutor.java:628)
	at java.base/java.lang.Thread.run(Thread.java:829)
2025-11-26 10:33:22,478 [pool-18-IoTDB-Compaction-3] ERROR o.a.i.d.e.c.i.InnerSpaceCompactionTask:265 - root.test-45 [Compaction] Meet errors in inner space compaction. 
java.util.concurrent.ExecutionException: java.lang.StringIndexOutOfBoundsException: String index out of range: 0
	at java.base/java.util.concurrent.FutureTask.report(FutureTask.java:122)
	at java.base/java.util.concurrent.FutureTask.get(FutureTask.java:191)
	at org.apache.iotdb.db.engine.compaction.performer.impl.ReadPointCompactionPerformer.compactNonAlignedSeries(ReadPointCompactionPerformer.java:221)
	at org.apache.iotdb.db.engine.compaction.performer.impl.ReadPointCompactionPerformer.perform(ReadPointCompactionPerformer.java:121)
	at org.apache.iotdb.db.engine.compaction.inner.InnerSpaceCompactionTask.doCompaction(InnerSpaceCompactionTask.java:148)
	at org.apache.iotdb.db.engine.compaction.task.AbstractCompactionTask.start(AbstractCompactionTask.java:76)
	at org.apache.iotdb.db.engine.compaction.CompactionWorker.run(CompactionWorker.java:66)
	at java.base/java.util.concurrent.Executors$RunnableAdapter.call(Executors.java:515)
	at java.base/java.util.concurrent.FutureTask.run(FutureTask.java:264)
	at java.base/java.util.concurrent.ThreadPoolExecutor.runWorker(ThreadPoolExecutor.java:1128)
	at java.base/java.util.concurrent.ThreadPoolExecutor$Worker.run(ThreadPoolExecutor.java:628)
	at java.base/java.lang.Thread.run(Thread.java:829)
Caused by: java.lang.StringIndexOutOfBoundsException: String index out of range: 0
	at java.base/java.lang.StringLatin1.charAt(StringLatin1.java:47)
	at java.base/java.lang.String.charAt(String.java:693)
	at org.apache.iotdb.tsfile.encoding.decoder.IntRAKEDecoder.readInt(IntRAKEDecoder.java:31)
	at org.apache.iotdb.tsfile.read.reader.page.PageReader.getAllSatisfiedData(PageReader.java:182)
	at org.apache.iotdb.db.mpp.execution.operator.source.SeriesScanUtil$VersionPageReader.getAllSatisfiedPageData(SeriesScanUtil.java:1127)
	at org.apache.iotdb.db.mpp.execution.operator.source.SeriesScanUtil.nextPage(SeriesScanUtil.java:632)
	at org.apache.iotdb.db.engine.compaction.reader.SeriesDataBlockReader.readPageData(SeriesDataBlockReader.java:145)
	at org.apache.iotdb.db.engine.compaction.reader.SeriesDataBlockReader.readChunkData(SeriesDataBlockReader.java:136)
	at org.apache.iotdb.db.engine.compaction.reader.SeriesDataBlockReader.hasNextBatch(SeriesDataBlockReader.java:112)
	at org.apache.iotdb.db.engine.compaction.cross.rewrite.task.ReadPointPerformerSubTask.call(ReadPointPerformerSubTask.java:87)
	at org.apache.iotdb.db.engine.compaction.cross.rewrite.task.ReadPointPerformerSubTask.call(ReadPointPerformerSubTask.java:44)
	... 4 common frames omitted
2025-11-26 10:34:22,484 [pool-19-IoTDB-Sub-Compaction-38] ERROR o.a.i.c.c.t.WrappedThreadPoolExecutor:104 - Exception in thread pool org.apache.iotdb.threadpool:type=Sub-Compaction 
java.lang.StringIndexOutOfBoundsException: String index out of range: 0
	at java.base/java.lang.StringLatin1.charAt(StringLatin1.java:47)
	at java.base/java.lang.String.charAt(String.java:693)
	at org.apache.iotdb.tsfile.encoding.decoder.IntRAKEDecoder.readInt(IntRAKEDecoder.java:31)
	at org.apache.iotdb.tsfile.read.reader.page.PageReader.getAllSatisfiedData(PageReader.java:182)
	at org.apache.iotdb.db.mpp.execution.operator.source.SeriesScanUtil$VersionPageReader.getAllSatisfiedPageData(SeriesScanUtil.java:1127)
	at org.apache.iotdb.db.mpp.execution.operator.source.SeriesScanUtil.nextPage(SeriesScanUtil.java:632)
	at org.apache.iotdb.db.engine.compaction.reader.SeriesDataBlockReader.readPageData(SeriesDataBlockReader.java:145)
	at org.apache.iotdb.db.engine.compaction.reader.SeriesDataBlockReader.readChunkData(SeriesDataBlockReader.java:136)
	at org.apache.iotdb.db.engine.compaction.reader.SeriesDataBlockReader.hasNextBatch(SeriesDataBlockReader.java:112)
	at org.apache.iotdb.db.engine.compaction.cross.rewrite.task.ReadPointPerformerSubTask.call(ReadPointPerformerSubTask.java:87)
	at org.apache.iotdb.db.engine.compaction.cross.rewrite.task.ReadPointPerformerSubTask.call(ReadPointPerformerSubTask.java:44)
	at java.base/java.util.concurrent.FutureTask.run(FutureTask.java:264)
	at java.base/java.util.concurrent.ThreadPoolExecutor.runWorker(ThreadPoolExecutor.java:1128)
	at java.base/java.util.concurrent.ThreadPoolExecutor$Worker.run(ThreadPoolExecutor.java:628)
	at java.base/java.lang.Thread.run(Thread.java:829)
2025-11-26 10:34:22,484 [pool-18-IoTDB-Compaction-10] ERROR o.a.i.d.e.c.i.InnerSpaceCompactionTask:265 - root.test-45 [Compaction] Meet errors in inner space compaction. 
java.util.concurrent.ExecutionException: java.lang.StringIndexOutOfBoundsException: String index out of range: 0
	at java.base/java.util.concurrent.FutureTask.report(FutureTask.java:122)
	at java.base/java.util.concurrent.FutureTask.get(FutureTask.java:191)
	at org.apache.iotdb.db.engine.compaction.performer.impl.ReadPointCompactionPerformer.compactNonAlignedSeries(ReadPointCompactionPerformer.java:221)
	at org.apache.iotdb.db.engine.compaction.performer.impl.ReadPointCompactionPerformer.perform(ReadPointCompactionPerformer.java:121)
	at org.apache.iotdb.db.engine.compaction.inner.InnerSpaceCompactionTask.doCompaction(InnerSpaceCompactionTask.java:148)
	at org.apache.iotdb.db.engine.compaction.task.AbstractCompactionTask.start(AbstractCompactionTask.java:76)
	at org.apache.iotdb.db.engine.compaction.CompactionWorker.run(CompactionWorker.java:66)
	at java.base/java.util.concurrent.Executors$RunnableAdapter.call(Executors.java:515)
	at java.base/java.util.concurrent.FutureTask.run(FutureTask.java:264)
	at java.base/java.util.concurrent.ThreadPoolExecutor.runWorker(ThreadPoolExecutor.java:1128)
	at java.base/java.util.concurrent.ThreadPoolExecutor$Worker.run(ThreadPoolExecutor.java:628)
	at java.base/java.lang.Thread.run(Thread.java:829)
Caused by: java.lang.StringIndexOutOfBoundsException: String index out of range: 0
	at java.base/java.lang.StringLatin1.charAt(StringLatin1.java:47)
	at java.base/java.lang.String.charAt(String.java:693)
	at org.apache.iotdb.tsfile.encoding.decoder.IntRAKEDecoder.readInt(IntRAKEDecoder.java:31)
	at org.apache.iotdb.tsfile.read.reader.page.PageReader.getAllSatisfiedData(PageReader.java:182)
	at org.apache.iotdb.db.mpp.execution.operator.source.SeriesScanUtil$VersionPageReader.getAllSatisfiedPageData(SeriesScanUtil.java:1127)
	at org.apache.iotdb.db.mpp.execution.operator.source.SeriesScanUtil.nextPage(SeriesScanUtil.java:632)
	at org.apache.iotdb.db.engine.compaction.reader.SeriesDataBlockReader.readPageData(SeriesDataBlockReader.java:145)
	at org.apache.iotdb.db.engine.compaction.reader.SeriesDataBlockReader.readChunkData(SeriesDataBlockReader.java:136)
	at org.apache.iotdb.db.engine.compaction.reader.SeriesDataBlockReader.hasNextBatch(SeriesDataBlockReader.java:112)
	at org.apache.iotdb.db.engine.compaction.cross.rewrite.task.ReadPointPerformerSubTask.call(ReadPointPerformerSubTask.java:87)
	at org.apache.iotdb.db.engine.compaction.cross.rewrite.task.ReadPointPerformerSubTask.call(ReadPointPerformerSubTask.java:44)
	... 4 common frames omitted
2025-11-26 10:35:22,489 [pool-19-IoTDB-Sub-Compaction-21] ERROR o.a.i.c.c.t.WrappedThreadPoolExecutor:104 - Exception in thread pool org.apache.iotdb.threadpool:type=Sub-Compaction 
java.lang.StringIndexOutOfBoundsException: String index out of range: 0
	at java.base/java.lang.StringLatin1.charAt(StringLatin1.java:47)
	at java.base/java.lang.String.charAt(String.java:693)
	at org.apache.iotdb.tsfile.encoding.decoder.IntRAKEDecoder.readInt(IntRAKEDecoder.java:31)
	at org.apache.iotdb.tsfile.read.reader.page.PageReader.getAllSatisfiedData(PageReader.java:182)
	at org.apache.iotdb.db.mpp.execution.operator.source.SeriesScanUtil$VersionPageReader.getAllSatisfiedPageData(SeriesScanUtil.java:1127)
	at org.apache.iotdb.db.mpp.execution.operator.source.SeriesScanUtil.nextPage(SeriesScanUtil.java:632)
	at org.apache.iotdb.db.engine.compaction.reader.SeriesDataBlockReader.readPageData(SeriesDataBlockReader.java:145)
	at org.apache.iotdb.db.engine.compaction.reader.SeriesDataBlockReader.readChunkData(SeriesDataBlockReader.java:136)
	at org.apache.iotdb.db.engine.compaction.reader.SeriesDataBlockReader.hasNextBatch(SeriesDataBlockReader.java:112)
	at org.apache.iotdb.db.engine.compaction.cross.rewrite.task.ReadPointPerformerSubTask.call(ReadPointPerformerSubTask.java:87)
	at org.apache.iotdb.db.engine.compaction.cross.rewrite.task.ReadPointPerformerSubTask.call(ReadPointPerformerSubTask.java:44)
	at java.base/java.util.concurrent.FutureTask.run(FutureTask.java:264)
	at java.base/java.util.concurrent.ThreadPoolExecutor.runWorker(ThreadPoolExecutor.java:1128)
	at java.base/java.util.concurrent.ThreadPoolExecutor$Worker.run(ThreadPoolExecutor.java:628)
	at java.base/java.lang.Thread.run(Thread.java:829)
2025-11-26 10:35:22,489 [pool-18-IoTDB-Compaction-7] ERROR o.a.i.d.e.c.i.InnerSpaceCompactionTask:265 - root.test-45 [Compaction] Meet errors in inner space compaction. 
java.util.concurrent.ExecutionException: java.lang.StringIndexOutOfBoundsException: String index out of range: 0
	at java.base/java.util.concurrent.FutureTask.report(FutureTask.java:122)
	at java.base/java.util.concurrent.FutureTask.get(FutureTask.java:191)
	at org.apache.iotdb.db.engine.compaction.performer.impl.ReadPointCompactionPerformer.compactNonAlignedSeries(ReadPointCompactionPerformer.java:221)
	at org.apache.iotdb.db.engine.compaction.performer.impl.ReadPointCompactionPerformer.perform(ReadPointCompactionPerformer.java:121)
	at org.apache.iotdb.db.engine.compaction.inner.InnerSpaceCompactionTask.doCompaction(InnerSpaceCompactionTask.java:148)
	at org.apache.iotdb.db.engine.compaction.task.AbstractCompactionTask.start(AbstractCompactionTask.java:76)
	at org.apache.iotdb.db.engine.compaction.CompactionWorker.run(CompactionWorker.java:66)
	at java.base/java.util.concurrent.Executors$RunnableAdapter.call(Executors.java:515)
	at java.base/java.util.concurrent.FutureTask.run(FutureTask.java:264)
	at java.base/java.util.concurrent.ThreadPoolExecutor.runWorker(ThreadPoolExecutor.java:1128)
	at java.base/java.util.concurrent.ThreadPoolExecutor$Worker.run(ThreadPoolExecutor.java:628)
	at java.base/java.lang.Thread.run(Thread.java:829)
Caused by: java.lang.StringIndexOutOfBoundsException: String index out of range: 0
	at java.base/java.lang.StringLatin1.charAt(StringLatin1.java:47)
	at java.base/java.lang.String.charAt(String.java:693)
	at org.apache.iotdb.tsfile.encoding.decoder.IntRAKEDecoder.readInt(IntRAKEDecoder.java:31)
	at org.apache.iotdb.tsfile.read.reader.page.PageReader.getAllSatisfiedData(PageReader.java:182)
	at org.apache.iotdb.db.mpp.execution.operator.source.SeriesScanUtil$VersionPageReader.getAllSatisfiedPageData(SeriesScanUtil.java:1127)
	at org.apache.iotdb.db.mpp.execution.operator.source.SeriesScanUtil.nextPage(SeriesScanUtil.java:632)
	at org.apache.iotdb.db.engine.compaction.reader.SeriesDataBlockReader.readPageData(SeriesDataBlockReader.java:145)
	at org.apache.iotdb.db.engine.compaction.reader.SeriesDataBlockReader.readChunkData(SeriesDataBlockReader.java:136)
	at org.apache.iotdb.db.engine.compaction.reader.SeriesDataBlockReader.hasNextBatch(SeriesDataBlockReader.java:112)
	at org.apache.iotdb.db.engine.compaction.cross.rewrite.task.ReadPointPerformerSubTask.call(ReadPointPerformerSubTask.java:87)
	at org.apache.iotdb.db.engine.compaction.cross.rewrite.task.ReadPointPerformerSubTask.call(ReadPointPerformerSubTask.java:44)
	... 4 common frames omitted
2025-11-26 10:36:22,493 [pool-19-IoTDB-Sub-Compaction-7] ERROR o.a.i.c.c.t.WrappedThreadPoolExecutor:104 - Exception in thread pool org.apache.iotdb.threadpool:type=Sub-Compaction 
java.lang.StringIndexOutOfBoundsException: String index out of range: 0
	at java.base/java.lang.StringLatin1.charAt(StringLatin1.java:47)
	at java.base/java.lang.String.charAt(String.java:693)
	at org.apache.iotdb.tsfile.encoding.decoder.IntRAKEDecoder.readInt(IntRAKEDecoder.java:31)
	at org.apache.iotdb.tsfile.read.reader.page.PageReader.getAllSatisfiedData(PageReader.java:182)
	at org.apache.iotdb.db.mpp.execution.operator.source.SeriesScanUtil$VersionPageReader.getAllSatisfiedPageData(SeriesScanUtil.java:1127)
	at org.apache.iotdb.db.mpp.execution.operator.source.SeriesScanUtil.nextPage(SeriesScanUtil.java:632)
	at org.apache.iotdb.db.engine.compaction.reader.SeriesDataBlockReader.readPageData(SeriesDataBlockReader.java:145)
	at org.apache.iotdb.db.engine.compaction.reader.SeriesDataBlockReader.readChunkData(SeriesDataBlockReader.java:136)
	at org.apache.iotdb.db.engine.compaction.reader.SeriesDataBlockReader.hasNextBatch(SeriesDataBlockReader.java:112)
	at org.apache.iotdb.db.engine.compaction.cross.rewrite.task.ReadPointPerformerSubTask.call(ReadPointPerformerSubTask.java:87)
	at org.apache.iotdb.db.engine.compaction.cross.rewrite.task.ReadPointPerformerSubTask.call(ReadPointPerformerSubTask.java:44)
	at java.base/java.util.concurrent.FutureTask.run(FutureTask.java:264)
	at java.base/java.util.concurrent.ThreadPoolExecutor.runWorker(ThreadPoolExecutor.java:1128)
	at java.base/java.util.concurrent.ThreadPoolExecutor$Worker.run(ThreadPoolExecutor.java:628)
	at java.base/java.lang.Thread.run(Thread.java:829)
2025-11-26 10:36:22,495 [pool-18-IoTDB-Compaction-2] ERROR o.a.i.d.e.c.i.InnerSpaceCompactionTask:265 - root.test-45 [Compaction] Meet errors in inner space compaction. 
java.util.concurrent.ExecutionException: java.lang.StringIndexOutOfBoundsException: String index out of range: 0
	at java.base/java.util.concurrent.FutureTask.report(FutureTask.java:122)
	at java.base/java.util.concurrent.FutureTask.get(FutureTask.java:191)
	at org.apache.iotdb.db.engine.compaction.performer.impl.ReadPointCompactionPerformer.compactNonAlignedSeries(ReadPointCompactionPerformer.java:221)
	at org.apache.iotdb.db.engine.compaction.performer.impl.ReadPointCompactionPerformer.perform(ReadPointCompactionPerformer.java:121)
	at org.apache.iotdb.db.engine.compaction.inner.InnerSpaceCompactionTask.doCompaction(InnerSpaceCompactionTask.java:148)
	at org.apache.iotdb.db.engine.compaction.task.AbstractCompactionTask.start(AbstractCompactionTask.java:76)
	at org.apache.iotdb.db.engine.compaction.CompactionWorker.run(CompactionWorker.java:66)
	at java.base/java.util.concurrent.Executors$RunnableAdapter.call(Executors.java:515)
	at java.base/java.util.concurrent.FutureTask.run(FutureTask.java:264)
	at java.base/java.util.concurrent.ThreadPoolExecutor.runWorker(ThreadPoolExecutor.java:1128)
	at java.base/java.util.concurrent.ThreadPoolExecutor$Worker.run(ThreadPoolExecutor.java:628)
	at java.base/java.lang.Thread.run(Thread.java:829)
Caused by: java.lang.StringIndexOutOfBoundsException: String index out of range: 0
	at java.base/java.lang.StringLatin1.charAt(StringLatin1.java:47)
	at java.base/java.lang.String.charAt(String.java:693)
	at org.apache.iotdb.tsfile.encoding.decoder.IntRAKEDecoder.readInt(IntRAKEDecoder.java:31)
	at org.apache.iotdb.tsfile.read.reader.page.PageReader.getAllSatisfiedData(PageReader.java:182)
	at org.apache.iotdb.db.mpp.execution.operator.source.SeriesScanUtil$VersionPageReader.getAllSatisfiedPageData(SeriesScanUtil.java:1127)
	at org.apache.iotdb.db.mpp.execution.operator.source.SeriesScanUtil.nextPage(SeriesScanUtil.java:632)
	at org.apache.iotdb.db.engine.compaction.reader.SeriesDataBlockReader.readPageData(SeriesDataBlockReader.java:145)
	at org.apache.iotdb.db.engine.compaction.reader.SeriesDataBlockReader.readChunkData(SeriesDataBlockReader.java:136)
	at org.apache.iotdb.db.engine.compaction.reader.SeriesDataBlockReader.hasNextBatch(SeriesDataBlockReader.java:112)
	at org.apache.iotdb.db.engine.compaction.cross.rewrite.task.ReadPointPerformerSubTask.call(ReadPointPerformerSubTask.java:87)
	at org.apache.iotdb.db.engine.compaction.cross.rewrite.task.ReadPointPerformerSubTask.call(ReadPointPerformerSubTask.java:44)
	... 4 common frames omitted
2025-11-26 10:37:22,497 [pool-19-IoTDB-Sub-Compaction-39] ERROR o.a.i.c.c.t.WrappedThreadPoolExecutor:104 - Exception in thread pool org.apache.iotdb.threadpool:type=Sub-Compaction 
java.lang.StringIndexOutOfBoundsException: String index out of range: 0
	at java.base/java.lang.StringLatin1.charAt(StringLatin1.java:47)
	at java.base/java.lang.String.charAt(String.java:693)
	at org.apache.iotdb.tsfile.encoding.decoder.IntRAKEDecoder.readInt(IntRAKEDecoder.java:31)
	at org.apache.iotdb.tsfile.read.reader.page.PageReader.getAllSatisfiedData(PageReader.java:182)
	at org.apache.iotdb.db.mpp.execution.operator.source.SeriesScanUtil$VersionPageReader.getAllSatisfiedPageData(SeriesScanUtil.java:1127)
	at org.apache.iotdb.db.mpp.execution.operator.source.SeriesScanUtil.nextPage(SeriesScanUtil.java:632)
	at org.apache.iotdb.db.engine.compaction.reader.SeriesDataBlockReader.readPageData(SeriesDataBlockReader.java:145)
	at org.apache.iotdb.db.engine.compaction.reader.SeriesDataBlockReader.readChunkData(SeriesDataBlockReader.java:136)
	at org.apache.iotdb.db.engine.compaction.reader.SeriesDataBlockReader.hasNextBatch(SeriesDataBlockReader.java:112)
	at org.apache.iotdb.db.engine.compaction.cross.rewrite.task.ReadPointPerformerSubTask.call(ReadPointPerformerSubTask.java:87)
	at org.apache.iotdb.db.engine.compaction.cross.rewrite.task.ReadPointPerformerSubTask.call(ReadPointPerformerSubTask.java:44)
	at java.base/java.util.concurrent.FutureTask.run(FutureTask.java:264)
	at java.base/java.util.concurrent.ThreadPoolExecutor.runWorker(ThreadPoolExecutor.java:1128)
	at java.base/java.util.concurrent.ThreadPoolExecutor$Worker.run(ThreadPoolExecutor.java:628)
	at java.base/java.lang.Thread.run(Thread.java:829)
2025-11-26 10:37:22,497 [pool-18-IoTDB-Compaction-1] ERROR o.a.i.d.e.c.i.InnerSpaceCompactionTask:265 - root.test-45 [Compaction] Meet errors in inner space compaction. 
java.util.concurrent.ExecutionException: java.lang.StringIndexOutOfBoundsException: String index out of range: 0
	at java.base/java.util.concurrent.FutureTask.report(FutureTask.java:122)
	at java.base/java.util.concurrent.FutureTask.get(FutureTask.java:191)
	at org.apache.iotdb.db.engine.compaction.performer.impl.ReadPointCompactionPerformer.compactNonAlignedSeries(ReadPointCompactionPerformer.java:221)
	at org.apache.iotdb.db.engine.compaction.performer.impl.ReadPointCompactionPerformer.perform(ReadPointCompactionPerformer.java:121)
	at org.apache.iotdb.db.engine.compaction.inner.InnerSpaceCompactionTask.doCompaction(InnerSpaceCompactionTask.java:148)
	at org.apache.iotdb.db.engine.compaction.task.AbstractCompactionTask.start(AbstractCompactionTask.java:76)
	at org.apache.iotdb.db.engine.compaction.CompactionWorker.run(CompactionWorker.java:66)
	at java.base/java.util.concurrent.Executors$RunnableAdapter.call(Executors.java:515)
	at java.base/java.util.concurrent.FutureTask.run(FutureTask.java:264)
	at java.base/java.util.concurrent.ThreadPoolExecutor.runWorker(ThreadPoolExecutor.java:1128)
	at java.base/java.util.concurrent.ThreadPoolExecutor$Worker.run(ThreadPoolExecutor.java:628)
	at java.base/java.lang.Thread.run(Thread.java:829)
Caused by: java.lang.StringIndexOutOfBoundsException: String index out of range: 0
	at java.base/java.lang.StringLatin1.charAt(StringLatin1.java:47)
	at java.base/java.lang.String.charAt(String.java:693)
	at org.apache.iotdb.tsfile.encoding.decoder.IntRAKEDecoder.readInt(IntRAKEDecoder.java:31)
	at org.apache.iotdb.tsfile.read.reader.page.PageReader.getAllSatisfiedData(PageReader.java:182)
	at org.apache.iotdb.db.mpp.execution.operator.source.SeriesScanUtil$VersionPageReader.getAllSatisfiedPageData(SeriesScanUtil.java:1127)
	at org.apache.iotdb.db.mpp.execution.operator.source.SeriesScanUtil.nextPage(SeriesScanUtil.java:632)
	at org.apache.iotdb.db.engine.compaction.reader.SeriesDataBlockReader.readPageData(SeriesDataBlockReader.java:145)
	at org.apache.iotdb.db.engine.compaction.reader.SeriesDataBlockReader.readChunkData(SeriesDataBlockReader.java:136)
	at org.apache.iotdb.db.engine.compaction.reader.SeriesDataBlockReader.hasNextBatch(SeriesDataBlockReader.java:112)
	at org.apache.iotdb.db.engine.compaction.cross.rewrite.task.ReadPointPerformerSubTask.call(ReadPointPerformerSubTask.java:87)
	at org.apache.iotdb.db.engine.compaction.cross.rewrite.task.ReadPointPerformerSubTask.call(ReadPointPerformerSubTask.java:44)
	... 4 common frames omitted
2025-11-26 10:38:22,501 [pool-19-IoTDB-Sub-Compaction-36] ERROR o.a.i.c.c.t.WrappedThreadPoolExecutor:104 - Exception in thread pool org.apache.iotdb.threadpool:type=Sub-Compaction 
java.lang.StringIndexOutOfBoundsException: String index out of range: 0
	at java.base/java.lang.StringLatin1.charAt(StringLatin1.java:47)
	at java.base/java.lang.String.charAt(String.java:693)
	at org.apache.iotdb.tsfile.encoding.decoder.IntRAKEDecoder.readInt(IntRAKEDecoder.java:31)
	at org.apache.iotdb.tsfile.read.reader.page.PageReader.getAllSatisfiedData(PageReader.java:182)
	at org.apache.iotdb.db.mpp.execution.operator.source.SeriesScanUtil$VersionPageReader.getAllSatisfiedPageData(SeriesScanUtil.java:1127)
	at org.apache.iotdb.db.mpp.execution.operator.source.SeriesScanUtil.nextPage(SeriesScanUtil.java:632)
	at org.apache.iotdb.db.engine.compaction.reader.SeriesDataBlockReader.readPageData(SeriesDataBlockReader.java:145)
	at org.apache.iotdb.db.engine.compaction.reader.SeriesDataBlockReader.readChunkData(SeriesDataBlockReader.java:136)
	at org.apache.iotdb.db.engine.compaction.reader.SeriesDataBlockReader.hasNextBatch(SeriesDataBlockReader.java:112)
	at org.apache.iotdb.db.engine.compaction.cross.rewrite.task.ReadPointPerformerSubTask.call(ReadPointPerformerSubTask.java:87)
	at org.apache.iotdb.db.engine.compaction.cross.rewrite.task.ReadPointPerformerSubTask.call(ReadPointPerformerSubTask.java:44)
	at java.base/java.util.concurrent.FutureTask.run(FutureTask.java:264)
	at java.base/java.util.concurrent.ThreadPoolExecutor.runWorker(ThreadPoolExecutor.java:1128)
	at java.base/java.util.concurrent.ThreadPoolExecutor$Worker.run(ThreadPoolExecutor.java:628)
	at java.base/java.lang.Thread.run(Thread.java:829)
2025-11-26 10:38:22,501 [pool-18-IoTDB-Compaction-4] ERROR o.a.i.d.e.c.i.InnerSpaceCompactionTask:265 - root.test-45 [Compaction] Meet errors in inner space compaction. 
java.util.concurrent.ExecutionException: java.lang.StringIndexOutOfBoundsException: String index out of range: 0
	at java.base/java.util.concurrent.FutureTask.report(FutureTask.java:122)
	at java.base/java.util.concurrent.FutureTask.get(FutureTask.java:191)
	at org.apache.iotdb.db.engine.compaction.performer.impl.ReadPointCompactionPerformer.compactNonAlignedSeries(ReadPointCompactionPerformer.java:221)
	at org.apache.iotdb.db.engine.compaction.performer.impl.ReadPointCompactionPerformer.perform(ReadPointCompactionPerformer.java:121)
	at org.apache.iotdb.db.engine.compaction.inner.InnerSpaceCompactionTask.doCompaction(InnerSpaceCompactionTask.java:148)
	at org.apache.iotdb.db.engine.compaction.task.AbstractCompactionTask.start(AbstractCompactionTask.java:76)
	at org.apache.iotdb.db.engine.compaction.CompactionWorker.run(CompactionWorker.java:66)
	at java.base/java.util.concurrent.Executors$RunnableAdapter.call(Executors.java:515)
	at java.base/java.util.concurrent.FutureTask.run(FutureTask.java:264)
	at java.base/java.util.concurrent.ThreadPoolExecutor.runWorker(ThreadPoolExecutor.java:1128)
	at java.base/java.util.concurrent.ThreadPoolExecutor$Worker.run(ThreadPoolExecutor.java:628)
	at java.base/java.lang.Thread.run(Thread.java:829)
Caused by: java.lang.StringIndexOutOfBoundsException: String index out of range: 0
	at java.base/java.lang.StringLatin1.charAt(StringLatin1.java:47)
	at java.base/java.lang.String.charAt(String.java:693)
	at org.apache.iotdb.tsfile.encoding.decoder.IntRAKEDecoder.readInt(IntRAKEDecoder.java:31)
	at org.apache.iotdb.tsfile.read.reader.page.PageReader.getAllSatisfiedData(PageReader.java:182)
	at org.apache.iotdb.db.mpp.execution.operator.source.SeriesScanUtil$VersionPageReader.getAllSatisfiedPageData(SeriesScanUtil.java:1127)
	at org.apache.iotdb.db.mpp.execution.operator.source.SeriesScanUtil.nextPage(SeriesScanUtil.java:632)
	at org.apache.iotdb.db.engine.compaction.reader.SeriesDataBlockReader.readPageData(SeriesDataBlockReader.java:145)
	at org.apache.iotdb.db.engine.compaction.reader.SeriesDataBlockReader.readChunkData(SeriesDataBlockReader.java:136)
	at org.apache.iotdb.db.engine.compaction.reader.SeriesDataBlockReader.hasNextBatch(SeriesDataBlockReader.java:112)
	at org.apache.iotdb.db.engine.compaction.cross.rewrite.task.ReadPointPerformerSubTask.call(ReadPointPerformerSubTask.java:87)
	at org.apache.iotdb.db.engine.compaction.cross.rewrite.task.ReadPointPerformerSubTask.call(ReadPointPerformerSubTask.java:44)
	... 4 common frames omitted
2025-11-26 10:39:37,772 [pool-27-IoTDB-ClientRPC-Processor-10] ERROR o.a.t.s.TThreadPoolServer$WorkerProcess:258 - Thrift Error occurred during processing of message. 
org.apache.thrift.transport.TTransportException: java.net.SocketException: Connection reset
	at org.apache.thrift.transport.TIOStreamTransport.read(TIOStreamTransport.java:178)
	at org.apache.thrift.transport.TTransport.readAll(TTransport.java:109)
	at org.apache.iotdb.rpc.TElasticFramedTransport.readFrame(TElasticFramedTransport.java:112)
	at org.apache.iotdb.rpc.TElasticFramedTransport.read(TElasticFramedTransport.java:107)
	at org.apache.thrift.transport.TTransport.readAll(TTransport.java:109)
	at org.apache.thrift.protocol.TBinaryProtocol.readAll(TBinaryProtocol.java:463)
	at org.apache.thrift.protocol.TBinaryProtocol.readI32(TBinaryProtocol.java:361)
	at org.apache.thrift.protocol.TBinaryProtocol.readMessageBegin(TBinaryProtocol.java:244)
	at org.apache.iotdb.db.service.thrift.ProcessorWithMetrics.process(ProcessorWithMetrics.java:50)
	at org.apache.thrift.server.TThreadPoolServer$WorkerProcess.run(TThreadPoolServer.java:248)
	at java.base/java.util.concurrent.ThreadPoolExecutor.runWorker(ThreadPoolExecutor.java:1128)
	at java.base/java.util.concurrent.ThreadPoolExecutor$Worker.run(ThreadPoolExecutor.java:628)
	at java.base/java.lang.Thread.run(Thread.java:829)
Caused by: java.net.SocketException: Connection reset
	at java.base/java.net.SocketInputStream.read(SocketInputStream.java:186)
	at java.base/java.net.SocketInputStream.read(SocketInputStream.java:140)
	at java.base/java.io.BufferedInputStream.fill(BufferedInputStream.java:252)
	at java.base/java.io.BufferedInputStream.read1(BufferedInputStream.java:292)
	at java.base/java.io.BufferedInputStream.read(BufferedInputStream.java:351)
	at org.apache.thrift.transport.TIOStreamTransport.read(TIOStreamTransport.java:176)
	... 12 common frames omitted
